<?xml version="1.0" encoding="utf-8"?><testsuites name="pytest tests"><testsuite name="pytest" errors="0" failures="0" skipped="0" tests="16" time="3.492" timestamp="2026-05-15T04:53:41.642073+00:00" hostname="agent-env-176f542b-70c5-43eb-b90d-bc10a50bfb49"><testcase classname="backend.tests.test_iteration21_mid_trip_stops.TestRecordMidTripStop" name="test_bad_token_returns_404" time="0.129" /><testcase classname="backend.tests.test_iteration21_mid_trip_stops.TestRecordMidTripStop" name="test_bad_address_returns_400" time="0.296" /><testcase classname="backend.tests.test_iteration21_mid_trip_stops.TestRecordMidTripStop" name="test_record_valid_stop_returns_breakdown" time="0.211" /><testcase classname="backend.tests.test_iteration21_mid_trip_stops.TestRecordMidTripStop" name="test_near_route_detour_small" time="0.094" /><testcase classname="backend.tests.test_iteration21_mid_trip_stops.TestRecordMidTripStop" name="test_wait_overage_above_grace" time="0.098" /><testcase classname="backend.tests.test_iteration21_mid_trip_stops.TestRecordMidTripStop" name="test_real_detour_far_address" time="0.070" /><testcase classname="backend.tests.test_iteration21_mid_trip_stops.TestDriverViewIncludesStops" name="test_driver_view_has_mid_trip_stops_array" time="0.048" /><testcase classname="backend.tests.test_iteration21_mid_trip_stops.TestAdminChargeMidTripStop" name="test_no_auth_returns_401" time="0.145" /><testcase classname="backend.tests.test_iteration21_mid_trip_stops.TestAdminChargeMidTripStop" name="test_bad_stop_id_returns_404" time="1.588" /><testcase classname="backend.tests.test_iteration21_mid_trip_stops.TestAdminChargeMidTripStop" name="test_no_saved_card_returns_400" time="0.210" /><testcase classname="backend.tests.test_iteration21_mid_trip_stops.TestAdminChargeMidTripStop" name="test_bad_booking_id_returns_404" time="0.104" /><testcase classname="backend.tests.test_iteration21_mid_trip_stops.TestRegression" name="test_quote_still_works" time="0.047" /><testcase classname="backend.tests.test_iteration21_mid_trip_stops.TestRegression" name="test_bookings_list_admin" time="0.113" /><testcase classname="backend.tests.test_iteration21_mid_trip_stops.TestRegression" name="test_record_wait_time_still_works" time="0.045" /><testcase classname="backend.tests.test_iteration21_mid_trip_stops.TestRegression" name="test_charge_wait_time_no_card_400" time="0.116" /><testcase classname="backend.tests.test_iteration21_mid_trip_stops.TestRegression" name="test_charge_damages_no_card_400" time="0.115" /></testsuite></testsuites>