<?xml version="1.0" encoding="utf-8"?><testsuites name="pytest tests"><testsuite name="pytest" errors="0" failures="0" skipped="0" tests="13" time="3.341" timestamp="2026-05-12T07:39:05.737876+00:00" hostname="agent-env-176f542b-70c5-43eb-b90d-bc10a50bfb49"><testcase classname="backend.tests.test_iteration15_two_stage_email.TestBookingCreationStage1" name="test_create_booking_returns_manage_token" time="0.301" /><testcase classname="backend.tests.test_iteration15_two_stage_email.TestBookingCreationStage1" name="test_create_booking_for_wedding_luxury_suv_does_not_break" time="0.212" /><testcase classname="backend.tests.test_iteration15_two_stage_email.TestRequestReceivedEmailRender" name="test_render_contains_required_strings" time="0.053" /><testcase classname="backend.tests.test_iteration15_two_stage_email.TestRequestReceivedEmailRender" name="test_render_without_manage_url_omits_button" time="0.000" /><testcase classname="backend.tests.test_iteration15_two_stage_email.TestBookingValidation" name="test_airport_transfer_requires_flight_number" time="0.045" /><testcase classname="backend.tests.test_iteration15_two_stage_email.TestBookingValidation" name="test_hourly_requires_min_2_hours" time="0.041" /><testcase classname="backend.tests.test_iteration15_two_stage_email.TestBookingValidation" name="test_hourly_requires_hours_present" time="0.041" /><testcase classname="backend.tests.test_iteration15_two_stage_email.TestBookingValidation" name="test_invalid_vehicle_type_rejected" time="0.043" /><testcase classname="backend.tests.test_iteration15_two_stage_email.TestBookingValidation" name="test_invalid_service_type_rejected" time="0.041" /><testcase classname="backend.tests.test_iteration15_two_stage_email.TestManageEndpoint" name="test_manage_get_works_on_pending_booking" time="0.303" /><testcase classname="backend.tests.test_iteration15_two_stage_email.TestManageEndpoint" name="test_manage_cancel_works_on_pending_booking" time="0.297" /><testcase classname="backend.tests.test_iteration15_two_stage_email.TestAdminConfirmReusesToken" name="test_admin_confirm_reuses_manage_token_and_generates_confirmation_number" time="1.650" /><testcase classname="backend.tests.test_iteration15_two_stage_email.TestResendFailureSwallowed" name="test_booking_succeeds_when_resend_key_invalid" time="0.224" /></testsuite></testsuites>