<?xml version="1.0" encoding="utf-8"?><testsuites name="pytest tests"><testsuite name="pytest" errors="0" failures="0" skipped="0" tests="20" time="5.584" timestamp="2026-05-20T13:49:22.328890+00:00" hostname="agent-env-176f542b-70c5-43eb-b90d-bc10a50bfb49"><testcase classname="tests.test_iteration27_jwt_driver_and_pwreset.TestForgotResetPassword" name="test_forgot_password_unknown_email_returns_200" time="0.274" /><testcase classname="tests.test_iteration27_jwt_driver_and_pwreset.TestForgotResetPassword" name="test_forgot_password_invalid_email_format_422" time="0.053" /><testcase classname="tests.test_iteration27_jwt_driver_and_pwreset.TestForgotResetPassword" name="test_reset_password_invalid_token_400" time="0.059" /><testcase classname="tests.test_iteration27_jwt_driver_and_pwreset.TestForgotResetPassword" name="test_forgot_then_reset_full_flow" time="1.481" /><testcase classname="tests.test_iteration27_jwt_driver_and_pwreset.TestPromoValidate" name="test_unknown_code_returns_ok_false" time="0.051" /><testcase classname="tests.test_iteration27_jwt_driver_and_pwreset.TestPromoValidate" name="test_valid_active_code" time="0.054" /><testcase classname="tests.test_iteration27_jwt_driver_and_pwreset.TestPromoValidate" name="test_empty_code_rejected" time="0.049" /><testcase classname="tests.test_iteration27_jwt_driver_and_pwreset.TestDriverAuth" name="test_login_success_and_invalid" time="0.551" /><testcase classname="tests.test_iteration27_jwt_driver_and_pwreset.TestDriverBookingDetail" name="test_get_booking_without_jwt_is_401" time="0.350" /><testcase classname="tests.test_iteration27_jwt_driver_and_pwreset.TestDriverBookingDetail" name="test_get_booking_with_wrong_driver_is_403" time="0.325" /><testcase classname="tests.test_iteration27_jwt_driver_and_pwreset.TestDriverBookingDetail" name="test_get_booking_assigned_returns_detail" time="0.051" /><testcase classname="tests.test_iteration27_jwt_driver_and_pwreset.TestDriverStatusProgression" name="test_status_progression_forward" time="0.272" /><testcase classname="tests.test_iteration27_jwt_driver_and_pwreset.TestDriverStatusProgression" name="test_invalid_status_value_rejected" time="0.050" /><testcase classname="tests.test_iteration27_jwt_driver_and_pwreset.TestDriverWaitTime" name="test_record_wait_time" time="0.054" /><testcase classname="tests.test_iteration27_jwt_driver_and_pwreset.TestDriverWaitTime" name="test_record_wait_time_idempotent_on_already_charged" time="0.052" /><testcase classname="tests.test_iteration27_jwt_driver_and_pwreset.TestDriverMidTripStop" name="test_record_mid_trip_stop" time="0.542" /><testcase classname="tests.test_iteration27_jwt_driver_and_pwreset.TestDriverMidTripStop" name="test_record_mid_trip_stop_bad_address_400" time="1.000" /><testcase classname="tests.test_iteration27_jwt_driver_and_pwreset.TestDriverAuthMissing" name="test_status_endpoint_requires_auth" time="0.052" /><testcase classname="tests.test_iteration27_jwt_driver_and_pwreset.TestDriverAuthMissing" name="test_wait_time_endpoint_requires_auth" time="0.047" /><testcase classname="tests.test_iteration27_jwt_driver_and_pwreset.TestDriverAuthMissing" name="test_mid_trip_stop_endpoint_requires_auth" time="0.051" /></testsuite></testsuites>