<?xml version="1.0" encoding="utf-8"?><testsuites name="pytest tests"><testsuite name="pytest" errors="0" failures="0" skipped="0" tests="19" time="4.123" timestamp="2026-06-26T00:13:31.436064+00:00" hostname="agent-env-176f542b-70c5-43eb-b90d-bc10a50bfb49"><testcase classname="backend.tests.test_iter43_affiliate_payments" name="test_payments_endpoint_requires_auth" time="0.272" /><testcase classname="backend.tests.test_iter43_affiliate_payments" name="test_create_payment_requires_auth" time="0.106" /><testcase classname="backend.tests.test_iter43_affiliate_payments" name="test_create_affiliate_with_tax_fields" time="0.124" /><testcase classname="backend.tests.test_iter43_affiliate_payments" name="test_patch_affiliate_updates_tax_fields" time="0.231" /><testcase classname="backend.tests.test_iter43_affiliate_payments" name="test_create_second_corporation_affiliate" time="0.097" /><testcase classname="backend.tests.test_iter43_affiliate_payments" name="test_create_payment_invalid_method_rejected" time="0.107" /><testcase classname="backend.tests.test_iter43_affiliate_payments" name="test_create_payment_invalid_date_rejected" time="0.102" /><testcase classname="backend.tests.test_iter43_affiliate_payments" name="test_create_payment_unknown_affiliate_404" time="0.102" /><testcase classname="backend.tests.test_iter43_affiliate_payments" name="test_create_payments_success" time="0.425" /><testcase classname="backend.tests.test_iter43_affiliate_payments" name="test_list_payments_filter_by_year_sorted_desc" time="0.120" /><testcase classname="backend.tests.test_iter43_affiliate_payments" name="test_list_payments_filter_by_affiliate_and_method" time="0.117" /><testcase classname="backend.tests.test_iter43_affiliate_payments" name="test_patch_payment_updates_fields" time="0.219" /><testcase classname="backend.tests.test_iter43_affiliate_payments" name="test_route_ordering_patch_payments_does_not_hit_affiliate" time="0.213" /><testcase classname="backend.tests.test_iter43_affiliate_payments" name="test_paid_ytd_populated_in_list_affiliates" time="0.103" /><testcase classname="backend.tests.test_iter43_affiliate_payments" name="test_payments_summary" time="0.109" /><testcase classname="backend.tests.test_iter43_affiliate_payments" name="test_export_ledger_csv" time="0.119" /><testcase classname="backend.tests.test_iter43_affiliate_payments" name="test_export_1099_csv" time="0.107" /><testcase classname="backend.tests.test_iter43_affiliate_payments" name="test_delete_payment_404_for_nonexistent" time="0.117" /><testcase classname="backend.tests.test_iter43_affiliate_payments" name="test_delete_payment_success" time="1.222" /></testsuite></testsuites>