<?xml version="1.0" encoding="utf-8"?><testsuites name="pytest tests"><testsuite name="pytest" errors="0" failures="0" skipped="0" tests="12" time="1.480" timestamp="2026-05-11T10:26:12.127403+00:00" hostname="agent-env-176f542b-70c5-43eb-b90d-bc10a50bfb49"><testcase classname="backend.tests.test_iteration14_flight_number.TestFlightNumberValidation" name="test_airport_transfer_without_flight_number_returns_400" time="0.179" /><testcase classname="backend.tests.test_iteration14_flight_number.TestFlightNumberValidation" name="test_airport_transfer_with_flight_number_succeeds" time="0.138" /><testcase classname="backend.tests.test_iteration14_flight_number.TestFlightNumberValidation" name="test_flight_number_case_preserved" time="0.138" /><testcase classname="backend.tests.test_iteration14_flight_number.TestFlightNumberValidation" name="test_non_airport_transfer_without_flight_number_succeeds" time="0.144" /><testcase classname="backend.tests.test_iteration14_flight_number.TestFlightNumberValidation" name="test_airport_transfer_empty_flight_number_returns_400" time="0.098" /><testcase classname="backend.tests.test_iteration14_flight_number.TestCancellationPolicyHtml" name="test_airport_variant_has_flight_delay" time="0.000" /><testcase classname="backend.tests.test_iteration14_flight_number.TestCancellationPolicyHtml" name="test_non_airport_variant_excludes_flight_delay" time="0.000" /><testcase classname="backend.tests.test_iteration14_flight_number.TestConfirmationEmailFlightNumber" name="test_confirmation_email_includes_flight_number_line" time="0.000" /><testcase classname="backend.tests.test_iteration14_flight_number.TestManageBookingReturnsFlightNumber" name="test_manage_endpoint_404_for_invalid_token" time="0.111" /><testcase classname="backend.tests.test_iteration14_flight_number.TestRegression" name="test_options_endpoint" time="0.134" /><testcase classname="backend.tests.test_iteration14_flight_number.TestRegression" name="test_quote_endpoint_unchanged" time="0.285" /><testcase classname="backend.tests.test_iteration14_flight_number.TestRegression" name="test_admin_bookings_requires_auth" time="0.104" /></testsuite></testsuites>