<?xml version="1.0" encoding="utf-8"?><testsuites name="pytest tests"><testsuite name="pytest" errors="0" failures="0" skipped="0" tests="8" time="1.238" timestamp="2026-07-08T00:00:35.775107+00:00" hostname="agent-env-176f542b-70c5-43eb-b90d-bc10a50bfb49"><testcase classname="backend.tests.test_iter54_round_trip_autocomplete.TestPlacesAutocomplete" name="test_pickup_strict_blocks_LAX" time="0.499" /><testcase classname="backend.tests.test_iter54_round_trip_autocomplete.TestPlacesAutocomplete" name="test_dropoff_loose_allows_LAX" time="0.123" /><testcase classname="backend.tests.test_iter54_round_trip_autocomplete.TestPlacesAutocomplete" name="test_pickup_strict_allows_monterey" time="0.116" /><testcase classname="backend.tests.test_iter54_round_trip_autocomplete.TestPlacesAutocomplete" name="test_dropoff_loose_allows_bellagio" time="0.131" /><testcase classname="backend.tests.test_iter54_round_trip_autocomplete.TestQuoteRoundTrip" name="test_one_way_baseline" time="0.078" /><testcase classname="backend.tests.test_iter54_round_trip_autocomplete.TestQuoteRoundTrip" name="test_round_trip_pricing" time="0.077" /><testcase classname="backend.tests.test_iter54_round_trip_autocomplete.TestQuoteRoundTrip" name="test_round_trip_empty_return_location_fallback" time="0.064" /><testcase classname="backend.tests.test_iter54_round_trip_autocomplete.TestQuoteRoundTrip" name="test_one_way_omitted_return_trip" time="0.069" /></testsuite></testsuites>