<?xml version="1.0" encoding="utf-8"?><testsuites name="pytest tests"><testsuite name="pytest" errors="0" failures="0" skipped="0" tests="18" time="8.915" timestamp="2026-05-09T23:43:40.518099+00:00" hostname="agent-env-176f542b-70c5-43eb-b90d-bc10a50bfb49"><testcase classname="backend.tests.test_iteration7.TestAdmin2FALogin" name="test_login_returns_2fa_challenge" time="0.900" /><testcase classname="backend.tests.test_iteration7.TestAdmin2FALogin" name="test_login_wrong_password_401" time="0.357" /><testcase classname="backend.tests.test_iteration7.TestAdmin2FALogin" name="test_verify_wrong_code_401" time="0.656" /><testcase classname="backend.tests.test_iteration7.TestAdmin2FALogin" name="test_verify_correct_code_returns_token" time="0.570" /><testcase classname="backend.tests.test_iteration7.TestAdmin2FALogin" name="test_verify_used_code_rejected" time="0.687" /><testcase classname="backend.tests.test_iteration7.TestAdmin2FALogin" name="test_verify_expired_code_400" time="0.341" /><testcase classname="backend.tests.test_iteration7.TestAdmin2FALogin" name="test_verify_max_attempts_429" time="0.340" /><testcase classname="backend.tests.test_iteration7.TestAdmin2FALogin" name="test_verify_unknown_challenge_404" time="0.107" /><testcase classname="backend.tests.test_iteration7.TestAdminAccount" name="test_get_account" time="0.712" /><testcase classname="backend.tests.test_iteration7.TestAdminAccount" name="test_patch_account_wrong_current_password_401" time="0.339" /><testcase classname="backend.tests.test_iteration7.TestAdminAccount" name="test_patch_account_change_recovery_email" time="1.741" /><testcase classname="backend.tests.test_iteration7.TestAdminAccount" name="test_patch_account_no_changes_400" time="0.366" /><testcase classname="backend.tests.test_iteration7.TestAdminAccount" name="test_get_account_requires_auth" time="0.125" /><testcase classname="backend.tests.test_iteration7.TestPublicRegression" name="test_contact_post" time="0.106" /><testcase classname="backend.tests.test_iteration7.TestPublicRegression" name="test_quote_post" time="0.107" /><testcase classname="backend.tests.test_iteration7.TestPublicRegression" name="test_booking_post_and_checkout" time="0.960" /><testcase classname="backend.tests.test_iteration7.TestPublicRegression" name="test_options_endpoint" time="0.104" /><testcase classname="backend.tests.test_iteration7.TestPublicRegression" name="test_places_autocomplete" time="0.245" /></testsuite></testsuites>