<?xml version="1.0" encoding="utf-8"?><testsuites name="pytest tests"><testsuite name="pytest" errors="0" failures="0" skipped="0" tests="38" time="21.948" timestamp="2026-07-06T02:48:22.651808+00:00" hostname="agent-env-176f542b-70c5-43eb-b90d-bc10a50bfb49"><testcase classname="tests.test_iter49_pay_after_ride.TestPublicBookingNewFields" name="test_public_booking_exposes_pay_later_fields" time="0.612" /><testcase classname="tests.test_iter49_pay_after_ride.TestCheckoutSetup" name="test_setup_happy_path_instant_price_vehicle" time="1.775" /><testcase classname="tests.test_iter49_pay_after_ride.TestCheckoutSetup" name="test_setup_rejects_quote_only_vehicle" time="0.518" /><testcase classname="tests.test_iter49_pay_after_ride.TestCheckoutSetup" name="test_setup_404_when_booking_missing" time="0.102" /><testcase classname="tests.test_iter49_pay_after_ride.TestAdminChargePayLater" name="test_requires_auth" time="0.100" /><testcase classname="tests.test_iter49_pay_after_ride.TestAdminChargePayLater" name="test_rejects_non_pay_after_ride_booking" time="0.538" /><testcase classname="tests.test_iter49_pay_after_ride.TestAdminChargePayLater" name="test_no_saved_card_returns_400" time="1.252" /><testcase classname="tests.test_iter49_pay_after_ride.TestAdminChargePayLater" name="test_404_when_booking_missing" time="0.124" /><testcase classname="tests.test_iter50_marketing_push.TestCheckoutPayNow" name="test_checkout_pay_now_still_creates_stripe_session" time="0.982" /><testcase classname="tests.test_iter50_marketing_push.TestCheckoutPayNow" name="test_checkout_pay_now_status_pending" time="1.584" /><testcase classname="tests.test_iter50_marketing_push.TestCheckoutSetupCustomText" name="test_setup_still_creates_session" time="1.245" /><testcase classname="tests.test_iter51_bug_fixes.TestQuoteChildSeatPricing" name="test_quote_sedan_two_seats_costs_about_40_more" time="0.195" /><testcase classname="tests.test_iter51_bug_fixes.TestQuoteChildSeatPricing" name="test_quote_sedan_one_seat_costs_about_20_more" time="0.201" /><testcase classname="tests.test_iter51_bug_fixes.TestQuoteChildSeatPricing" name="test_hourly_quote_child_seat_bump" time="0.191" /><testcase classname="tests.test_iter51_bug_fixes.TestBookingChildSeatCount" name="test_booking_accepts_and_persists_child_seat_count" time="1.637" /><testcase classname="tests.test_iter51_bug_fixes.TestBookingChildSeatCount" name="test_booking_count_zero_boolean_false" time="0.422" /><testcase classname="tests.test_iter51_bug_fixes.TestBookingChildSeatCount" name="test_booking_quote_includes_child_seat_fee" time="2.468" /><testcase classname="tests.test_iter51_bug_fixes.TestLegacyChildSeatFallback" name="test_legacy_boolean_prices_one_seat" time="0.214" /><testcase classname="tests.test_iter51_bug_fixes.TestPayAfterRideDiscount" name="test_manual_welcome_promo_exposed_on_public_after_setup" time="1.240" /><testcase classname="tests.test_iter51_bug_fixes.TestPayAfterRideDiscount" name="test_public_fields_present_when_no_promo" time="1.253" /><testcase classname="tests.test_iter52_google_ads_diagnostics.TestNewEndpointsRequireAuth" name="test_inspect_action_no_auth_401" time="0.098" /><testcase classname="tests.test_iter52_google_ads_diagnostics.TestNewEndpointsRequireAuth" name="test_inspect_action_garbage_bearer_401" time="0.097" /><testcase classname="tests.test_iter52_google_ads_diagnostics.TestNewEndpointsRequireAuth" name="test_reupload_no_auth_401" time="0.095" /><testcase classname="tests.test_iter52_google_ads_diagnostics.TestNewEndpointsRequireAuth" name="test_reupload_garbage_bearer_401" time="0.104" /><testcase classname="tests.test_iter52_google_ads_diagnostics.TestNewEndpointsRequireAuth" name="test_silent_drop_audit_no_auth_401" time="0.102" /><testcase classname="tests.test_iter52_google_ads_diagnostics.TestNewEndpointsRequireAuth" name="test_silent_drop_audit_garbage_bearer_401" time="0.117" /><testcase classname="tests.test_iter52_google_ads_diagnostics.TestInspectAction" name="test_bogus_action_id_returns_found_false_or_502" time="0.768" /><testcase classname="tests.test_iter52_google_ads_diagnostics.TestInspectAction" name="test_real_test_action_id_shape" time="0.674" /><testcase classname="tests.test_iter52_google_ads_diagnostics.TestReuploadWithDiag" name="test_reupload_nonexistent_booking" time="0.105" /><testcase classname="tests.test_iter52_google_ads_diagnostics.TestReuploadWithDiag" name="test_reupload_returns_clean_json_no_traceback" time="0.500" /><testcase classname="tests.test_iter52_google_ads_diagnostics.TestReuploadWithDiag" name="test_reupload_persists_raw_response_on_failure" time="0.823" /><testcase classname="tests.test_iter52_google_ads_diagnostics.TestSilentDropAudit" name="test_shape_empty_or_populated" time="0.127" /><testcase classname="tests.test_iter52_google_ads_diagnostics.TestSilentDropAudit" name="test_seeded_upload_shows_in_audit" time="0.110" /><testcase classname="tests.test_iter52_google_ads_diagnostics.TestSilentDropAudit" name="test_gclid_looks_real_flag" time="0.110" /><testcase classname="tests.test_iter52_google_ads_diagnostics.TestInternalTestExclusion" name="test_excluded_email_flagged_internal" time="0.099" /><testcase classname="tests.test_iter52_google_ads_diagnostics.TestInternalTestExclusion" name="test_random_email_not_flagged_internal" time="0.495" /><testcase classname="tests.test_iter52_google_ads_diagnostics.TestServiceAreaWaitlistRegression" name="test_out_of_area_pickup_flagged" time="0.305" /><testcase classname="tests.test_iter52_google_ads_diagnostics.TestServiceAreaWaitlistRegression" name="test_bay_area_pickup_not_flagged" time="0.402" /></testsuite></testsuites>