<?xml version="1.0" encoding="utf-8"?><testsuites name="pytest tests"><testsuite name="pytest" errors="0" failures="0" skipped="0" tests="18" time="3.602" timestamp="2026-05-20T22:18:41.761853+00:00" hostname="agent-env-176f542b-70c5-43eb-b90d-bc10a50bfb49"><testcase classname="backend.tests.test_iteration30_jwt_modify_booking.TestModifyAuthAndOwnership" name="test_modify_requires_jwt" time="0.761" /><testcase classname="backend.tests.test_iteration30_jwt_modify_booking.TestModifyAuthAndOwnership" name="test_modify_nonexistent_returns_404" time="0.185" /><testcase classname="backend.tests.test_iteration30_jwt_modify_booking.TestModifyAuthAndOwnership" name="test_modify_other_customers_booking_returns_404" time="0.191" /><testcase classname="backend.tests.test_iteration30_jwt_modify_booking.TestModifyStatePreconditions" name="test_modify_paid_returns_409_with_dispatch_phone" time="0.156" /><testcase classname="backend.tests.test_iteration30_jwt_modify_booking.TestModifyStatePreconditions" name="test_modify_completed_returns_400" time="0.132" /><testcase classname="backend.tests.test_iteration30_jwt_modify_booking.TestModifyStatePreconditions" name="test_modify_cancelled_returns_400" time="0.151" /><testcase classname="backend.tests.test_iteration30_jwt_modify_booking.TestModifyNoChanges" name="test_modify_with_same_notes_returns_no_changes" time="0.127" /><testcase classname="backend.tests.test_iteration30_jwt_modify_booking.TestModifyNoChanges" name="test_modify_with_empty_payload_returns_no_changes" time="0.116" /><testcase classname="backend.tests.test_iteration30_jwt_modify_booking.TestModifyNonPricingChange" name="test_modify_notes_only" time="0.147" /><testcase classname="backend.tests.test_iteration30_jwt_modify_booking.TestModifyNonPricingChange" name="test_modify_passengers_only" time="0.207" /><testcase classname="backend.tests.test_iteration30_jwt_modify_booking.TestModifyPricingChange" name="test_modify_dropoff_location_returns_quote_fields" time="0.118" /><testcase classname="backend.tests.test_iteration30_jwt_modify_booking.TestModifyPricingChange" name="test_modify_pickup_location_clears_pickup_coord" time="0.150" /><testcase classname="backend.tests.test_iteration30_jwt_modify_booking.TestModifyPricingChange" name="test_modify_vehicle_type" time="0.151" /><testcase classname="backend.tests.test_iteration30_jwt_modify_booking.TestModifyPricingChange" name="test_modify_pickup_datetime" time="0.106" /><testcase classname="backend.tests.test_iteration30_jwt_modify_booking.TestModifyPricingChange" name="test_modify_invalid_pickup_datetime_returns_400" time="0.212" /><testcase classname="backend.tests.test_iteration30_jwt_modify_booking.TestModifyPricingChange" name="test_modify_full_payload_persists_via_get" time="0.228" /><testcase classname="backend.tests.test_iteration30_jwt_modify_booking.TestCancelRegression" name="test_cancel_unpaid_still_works" time="0.161" /><testcase classname="backend.tests.test_iteration30_jwt_modify_booking.TestCancelRegression" name="test_cancel_paid_still_flags_request" time="0.137" /></testsuite></testsuites>