<?xml version="1.0" encoding="utf-8"?><testsuites name="pytest tests"><testsuite name="pytest" errors="0" failures="0" skipped="0" tests="14" time="5.894" timestamp="2026-05-13T05:15:15.920664+00:00" hostname="agent-env-176f542b-70c5-43eb-b90d-bc10a50bfb49"><testcase classname="backend.tests.test_iteration17_cancel_and_webhook.TestRenderCancellationEmail" name="test_with_reason_paid" time="0.061" /><testcase classname="backend.tests.test_iteration17_cancel_and_webhook.TestRenderCancellationEmail" name="test_without_reason_unpaid" time="0.000" /><testcase classname="backend.tests.test_iteration17_cancel_and_webhook.TestRenderCancellationEmail" name="test_unpaid_with_reason" time="0.000" /><testcase classname="backend.tests.test_iteration17_cancel_and_webhook.TestAdminCancelWithReason" name="test_cancel_unpaid_with_reason_persists" time="2.277" /><testcase classname="backend.tests.test_iteration17_cancel_and_webhook.TestAdminCancelWithReason" name="test_cancel_paid_marks_refund" time="0.773" /><testcase classname="backend.tests.test_iteration17_cancel_and_webhook.TestAdminCancelWithReason" name="test_cancel_no_reason_still_works" time="0.369" /><testcase classname="backend.tests.test_iteration17_cancel_and_webhook.TestPublicBookingIncludesManageToken" name="test_manage_token_field_present" time="0.226" /><testcase classname="backend.tests.test_iteration17_cancel_and_webhook.TestStripeWebhookSafetyNet" name="test_webhook_marks_paid_and_sets_flags" time="0.368" /><testcase classname="backend.tests.test_iteration17_cancel_and_webhook.TestStripeWebhookSafetyNet" name="test_webhook_idempotent_no_duplicate_email" time="0.104" /><testcase classname="backend.tests.test_iteration17_cancel_and_webhook.TestPaymentStatusNoDuplicateEmail" name="test_status_after_webhook_no_duplicate_email" time="0.474" /><testcase classname="backend.tests.test_iteration17_cancel_and_webhook.TestRegressionSmoke" name="test_admin_zones_endpoint" time="0.100" /><testcase classname="backend.tests.test_iteration17_cancel_and_webhook.TestRegressionSmoke" name="test_admin_surge_events" time="0.121" /><testcase classname="backend.tests.test_iteration17_cancel_and_webhook.TestRegressionSmoke" name="test_create_booking_minimal" time="0.134" /><testcase classname="backend.tests.test_iteration17_cancel_and_webhook.TestRegressionSmoke" name="test_admin_login_returns_2fa_challenge" time="0.731" /></testsuite></testsuites>