<?xml version="1.0" encoding="utf-8"?><testsuites name="pytest tests"><testsuite name="pytest" errors="0" failures="0" skipped="0" tests="7" time="2.468" timestamp="2026-06-16T04:25:58.440998+00:00" hostname="agent-env-176f542b-70c5-43eb-b90d-bc10a50bfb49"><testcase classname="tests.test_iteration38_payment_recovery_sms" name="test_admin_login_returns_2fa_or_token" time="0.824" /><testcase classname="tests.test_iteration38_payment_recovery_sms" name="test_admin_login_wrong_password_rejected" time="0.391" /><testcase classname="tests.test_iteration38_payment_recovery_sms" name="test_quote_requests_endpoint" time="0.103" /><testcase classname="tests.test_iteration38_payment_recovery_sms" name="test_quote_requests_unauthorized_rejected" time="0.134" /><testcase classname="tests.test_iteration38_payment_recovery_sms" name="test_contacts_endpoint_has_status_field" time="0.045" /><testcase classname="tests.test_iteration38_payment_recovery_sms" name="test_payment_recovery_stamps_and_sends_customer_sms" time="0.824" /><testcase classname="tests.test_iteration38_payment_recovery_sms" name="test_payment_recovery_skips_already_paid" time="0.003" /></testsuite></testsuites>