<?xml version="1.0" encoding="utf-8"?><testsuites name="pytest tests"><testsuite name="pytest" errors="0" failures="0" skipped="0" tests="18" time="3.650" timestamp="2026-05-15T20:43:31.198490+00:00" hostname="agent-env-176f542b-70c5-43eb-b90d-bc10a50bfb49"><testcase classname="backend.tests.test_iteration25_gmail_schema_chauffeur_email.TestConfirmationEmailJsonLd" name="test_schema_block_inside_head" time="0.049" /><testcase classname="backend.tests.test_iteration25_gmail_schema_chauffeur_email.TestConfirmationEmailJsonLd" name="test_no_cancel_keywords_outside_policy" time="0.000" /><testcase classname="backend.tests.test_iteration25_gmail_schema_chauffeur_email.TestChauffeurAssignedEmail" name="test_renders_all_driver_fields_and_schema" time="0.000" /><testcase classname="backend.tests.test_iteration25_gmail_schema_chauffeur_email.TestChauffeurAssignedEmail" name="test_empty_plate_hides_plate_row" time="0.000" /><testcase classname="backend.tests.test_iteration25_gmail_schema_chauffeur_email.TestChauffeurAssignedEmail" name="test_missing_phone_hides_call_text_buttons" time="0.000" /><testcase classname="backend.tests.test_iteration25_gmail_schema_chauffeur_email.TestAssignDriverEndpoint" name="test_requires_auth" time="0.195" /><testcase classname="backend.tests.test_iteration25_gmail_schema_chauffeur_email.TestAssignDriverEndpoint" name="test_assign_with_vehicle_skip_email" time="1.640" /><testcase classname="backend.tests.test_iteration25_gmail_schema_chauffeur_email.TestAssignDriverEndpoint" name="test_default_notify_customer_is_true" time="0.249" /><testcase classname="backend.tests.test_iteration25_gmail_schema_chauffeur_email.TestAssignDriverEndpoint" name="test_booking_response_includes_driver_vehicle_field" time="0.174" /><testcase classname="backend.tests.test_iteration25_gmail_schema_chauffeur_email.TestAssignDriverEndpoint" name="test_unassign_clears_driver_vehicle" time="0.356" /><testcase classname="backend.tests.test_iteration25_gmail_schema_chauffeur_email.TestRegressionSmoke" name="test_auth_required_endpoints_return_401_without_token[/admin/bookings/abc/charge-wait-time]" time="0.103" /><testcase classname="backend.tests.test_iteration25_gmail_schema_chauffeur_email.TestRegressionSmoke" name="test_auth_required_endpoints_return_401_without_token[/admin/bookings/abc/charge-damages]" time="0.106" /><testcase classname="backend.tests.test_iteration25_gmail_schema_chauffeur_email.TestRegressionSmoke" name="test_auth_required_endpoints_return_401_without_token[/admin/bookings/abc/charge-mid-trip-stop]" time="0.114" /><testcase classname="backend.tests.test_iteration25_gmail_schema_chauffeur_email.TestRegressionSmoke" name="test_auth_required_endpoints_return_401_without_token[/admin/bookings/abc/backfill-saved-card]" time="0.134" /><testcase classname="backend.tests.test_iteration25_gmail_schema_chauffeur_email.TestRegressionSmoke" name="test_admin_refund_preview_auth_required" time="0.103" /><testcase classname="backend.tests.test_iteration25_gmail_schema_chauffeur_email.TestRegressionSmoke" name="test_admin_payments_refund_auth_required" time="0.107" /><testcase classname="backend.tests.test_iteration25_gmail_schema_chauffeur_email.TestRegressionSmoke" name="test_quote_endpoint_with_additional_stops" time="0.115" /><testcase classname="backend.tests.test_iteration25_gmail_schema_chauffeur_email.TestRegressionSmoke" name="test_driver_view_endpoint" time="0.114" /></testsuite></testsuites>