<?xml version="1.0" encoding="utf-8"?><testsuites name="pytest tests"><testsuite name="pytest" errors="0" failures="0" skipped="0" tests="18" time="5.557" timestamp="2026-07-06T02:48:10.601238+00:00" hostname="agent-env-176f542b-70c5-43eb-b90d-bc10a50bfb49"><testcase classname="tests.test_iter52_google_ads_diagnostics.TestNewEndpointsRequireAuth" name="test_inspect_action_no_auth_401" time="0.165" /><testcase classname="tests.test_iter52_google_ads_diagnostics.TestNewEndpointsRequireAuth" name="test_inspect_action_garbage_bearer_401" time="0.120" /><testcase classname="tests.test_iter52_google_ads_diagnostics.TestNewEndpointsRequireAuth" name="test_reupload_no_auth_401" time="0.096" /><testcase classname="tests.test_iter52_google_ads_diagnostics.TestNewEndpointsRequireAuth" name="test_reupload_garbage_bearer_401" time="0.097" /><testcase classname="tests.test_iter52_google_ads_diagnostics.TestNewEndpointsRequireAuth" name="test_silent_drop_audit_no_auth_401" time="0.099" /><testcase classname="tests.test_iter52_google_ads_diagnostics.TestNewEndpointsRequireAuth" name="test_silent_drop_audit_garbage_bearer_401" time="0.099" /><testcase classname="tests.test_iter52_google_ads_diagnostics.TestInspectAction" name="test_bogus_action_id_returns_found_false_or_502" time="1.121" /><testcase classname="tests.test_iter52_google_ads_diagnostics.TestInspectAction" name="test_real_test_action_id_shape" time="0.727" /><testcase classname="tests.test_iter52_google_ads_diagnostics.TestReuploadWithDiag" name="test_reupload_nonexistent_booking" time="0.099" /><testcase classname="tests.test_iter52_google_ads_diagnostics.TestReuploadWithDiag" name="test_reupload_returns_clean_json_no_traceback" time="0.501" /><testcase classname="tests.test_iter52_google_ads_diagnostics.TestReuploadWithDiag" name="test_reupload_persists_raw_response_on_failure" time="0.458" /><testcase classname="tests.test_iter52_google_ads_diagnostics.TestSilentDropAudit" name="test_shape_empty_or_populated" time="0.097" /><testcase classname="tests.test_iter52_google_ads_diagnostics.TestSilentDropAudit" name="test_seeded_upload_shows_in_audit" time="0.105" /><testcase classname="tests.test_iter52_google_ads_diagnostics.TestSilentDropAudit" name="test_gclid_looks_real_flag" time="0.134" /><testcase classname="tests.test_iter52_google_ads_diagnostics.TestInternalTestExclusion" name="test_excluded_email_flagged_internal" time="0.119" /><testcase classname="tests.test_iter52_google_ads_diagnostics.TestInternalTestExclusion" name="test_random_email_not_flagged_internal" time="0.637" /><testcase classname="tests.test_iter52_google_ads_diagnostics.TestServiceAreaWaitlistRegression" name="test_out_of_area_pickup_flagged" time="0.316" /><testcase classname="tests.test_iter52_google_ads_diagnostics.TestServiceAreaWaitlistRegression" name="test_bay_area_pickup_not_flagged" time="0.406" /></testsuite></testsuites>