<?xml version="1.0" encoding="utf-8"?><testsuites name="pytest tests"><testsuite name="pytest" errors="0" failures="0" skipped="0" tests="10" time="2.907" timestamp="2026-05-15T03:34:40.010233+00:00" hostname="agent-env-176f542b-70c5-43eb-b90d-bc10a50bfb49"><testcase classname="backend.tests.test_iteration19_per_stop_fee.TestPublicSettings" name="test_public_settings_has_per_stop_fee" time="0.203" /><testcase classname="backend.tests.test_iteration19_per_stop_fee.TestQuoteStopFee" name="test_zero_stops_returns_none_total" time="0.053" /><testcase classname="backend.tests.test_iteration19_per_stop_fee.TestQuoteStopFee" name="test_two_stops_returns_fee_total" time="0.100" /><testcase classname="backend.tests.test_iteration19_per_stop_fee.TestQuoteStopFee" name="test_executive_sedan_delta_matches_formula" time="0.000" /><testcase classname="backend.tests.test_iteration19_per_stop_fee.TestHourlyExempt" name="test_hourly_with_stops_returns_none_total" time="0.050" /><testcase classname="backend.tests.test_iteration19_per_stop_fee.TestAdminPersist" name="test_patch_per_stop_fee_persists" time="1.423" /><testcase classname="backend.tests.test_iteration19_per_stop_fee.TestBookingCheckoutAmount" name="test_checkout_amount_includes_two_stop_fees" time="0.782" /><testcase classname="backend.tests.test_iteration19_per_stop_fee.TestIter18Regression" name="test_charge_wait_time_requires_auth" time="0.048" /><testcase classname="backend.tests.test_iteration19_per_stop_fee.TestIter18Regression" name="test_charge_damages_requires_auth" time="0.047" /><testcase classname="backend.tests.test_iteration19_per_stop_fee.TestIter18Regression" name="test_charge_wait_time_404_with_auth" time="0.050" /></testsuite></testsuites>