<?xml version="1.0" encoding="utf-8"?><testsuites name="pytest tests"><testsuite name="pytest" errors="0" failures="0" skipped="1" tests="6" time="2.785" timestamp="2026-06-22T02:05:57.303866+00:00" hostname="agent-env-176f542b-70c5-43eb-b90d-bc10a50bfb49"><testcase classname="backend.tests.test_quote_requests_iter42" name="test_post_with_new_prequal_fields_success" time="0.598" /><testcase classname="backend.tests.test_quote_requests_iter42" name="test_post_without_new_prequal_fields_backward_compat" time="0.509" /><testcase classname="backend.tests.test_quote_requests_iter42" name="test_post_missing_full_name_returns_422" time="0.130" /><testcase classname="backend.tests.test_quote_requests_iter42" name="test_post_missing_phone_returns_422" time="0.133" /><testcase classname="backend.tests.test_quote_requests_iter42" name="test_post_missing_vehicle_type_returns_422" time="0.102" /><testcase classname="backend.tests.test_quote_requests_iter42" name="test_post_then_admin_list_contains_new_record" time="1.242"><skipped type="pytest.skip" message="Admin requires 2FA; can't verify via list, but POST succeeded">/app/backend/tests/test_quote_requests_iter42.py:124: Admin requires 2FA; can't verify via list, but POST succeeded</skipped></testcase></testsuite></testsuites>