<?xml version="1.0" encoding="utf-8"?><testsuites name="pytest tests"><testsuite name="pytest" errors="0" failures="0" skipped="0" tests="13" time="10.349" timestamp="2026-06-16T22:03:52.916311+00:00" hostname="agent-env-176f542b-70c5-43eb-b90d-bc10a50bfb49"><testcase classname="backend.tests.test_iteration39_import_lead.TestImportLeadExtraction" name="test_extraction_returns_structured_payload" time="9.681" /><testcase classname="backend.tests.test_iteration39_import_lead.TestImportLeadExtraction" name="test_extracted_passengers" time="0.000" /><testcase classname="backend.tests.test_iteration39_import_lead.TestImportLeadExtraction" name="test_extracted_pickup_date" time="0.000" /><testcase classname="backend.tests.test_iteration39_import_lead.TestImportLeadExtraction" name="test_extracted_pickup_time" time="0.000" /><testcase classname="backend.tests.test_iteration39_import_lead.TestImportLeadExtraction" name="test_extracted_pickup_location_contains_mayacama" time="0.000" /><testcase classname="backend.tests.test_iteration39_import_lead.TestImportLeadExtraction" name="test_extracted_dropoff_location_contains_address" time="0.000" /><testcase classname="backend.tests.test_iteration39_import_lead.TestImportLeadExtraction" name="test_risk_band_green" time="0.000" /><testcase classname="backend.tests.test_iteration39_import_lead.TestImportLeadEdgeCases" name="test_empty_raw_text_returns_400" time="0.069" /><testcase classname="backend.tests.test_iteration39_import_lead.TestImportLeadEdgeCases" name="test_too_long_raw_text_returns_400" time="0.050" /><testcase classname="backend.tests.test_iteration39_import_lead.TestImportLeadEdgeCases" name="test_unauthenticated_returns_401" time="0.174" /><testcase classname="backend.tests.test_iteration39_import_lead.TestImportLeadCommit" name="test_commit_no_contact_returns_400" time="0.047" /><testcase classname="backend.tests.test_iteration39_import_lead.TestImportLeadCommit" name="test_commit_creates_row_and_appears_in_list" time="0.161" /><testcase classname="backend.tests.test_iteration39_import_lead.TestRiskCheckRegression" name="test_spencer_risk_check_green" time="0.057" /></testsuite></testsuites>