<?xml version="1.0" encoding="utf-8"?><testsuites name="pytest tests"><testsuite name="pytest" errors="0" failures="0" skipped="4" tests="17" time="6.800" timestamp="2026-06-09T07:58:45.317785+00:00" hostname="agent-env-176f542b-70c5-43eb-b90d-bc10a50bfb49"><testcase classname="backend.tests.test_iteration33_referral_push.TestReferralCheck" name="test_invalid_code_returns_valid_false" time="0.123" /><testcase classname="backend.tests.test_iteration33_referral_push.TestReferralCheck" name="test_valid_code_returns_referrer_name" time="0.491" /><testcase classname="backend.tests.test_iteration33_referral_push.TestSignupWithReferredBy" name="test_signup_with_valid_referred_by_sets_referred_by" time="0.649" /><testcase classname="backend.tests.test_iteration33_referral_push.TestSignupWithReferredBy" name="test_signup_with_invalid_referred_by_does_not_set_field" time="0.336" /><testcase classname="backend.tests.test_iteration33_referral_push.TestSignupWithReferredBy" name="test_signup_without_referred_by_field_works" time="0.326" /><testcase classname="backend.tests.test_iteration33_referral_push.TestCustomerReferralsEndpoint" name="test_requires_auth" time="0.145" /><testcase classname="backend.tests.test_iteration33_referral_push.TestCustomerReferralsEndpoint" name="test_returns_summary_with_share_url" time="0.939" /><testcase classname="backend.tests.test_iteration33_referral_push.TestReferralRewardHook" name="test_reward_issued_once_then_idempotent" time="2.540" /><testcase classname="backend.tests.test_iteration33_referral_push.TestAdminPush" name="test_eligible_count" time="0.000"><skipped type="pytest.skip" message="No admin JWT — admin endpoints require 2FA email code">/app/backend/tests/test_iteration33_referral_push.py:300: No admin JWT — admin endpoints require 2FA email code</skipped></testcase><testcase classname="backend.tests.test_iteration33_referral_push.TestAdminPush" name="test_history" time="0.000"><skipped type="pytest.skip" message="No admin JWT — admin endpoints require 2FA email code">/app/backend/tests/test_iteration33_referral_push.py:305: No admin JWT — admin endpoints require 2FA email code</skipped></testcase><testcase classname="backend.tests.test_iteration33_referral_push.TestAdminPush" name="test_broadcast_test_only_400_without_token" time="0.000"><skipped type="pytest.skip" message="No admin JWT — admin endpoints require 2FA email code">/app/backend/tests/test_iteration33_referral_push.py:310: No admin JWT — admin endpoints require 2FA email code</skipped></testcase><testcase classname="backend.tests.test_iteration33_referral_push.TestAdminPush" name="test_admin_promos_does_not_crash" time="0.000"><skipped type="pytest.skip" message="No admin JWT — admin endpoints require 2FA email code">/app/backend/tests/test_iteration33_referral_push.py:319: No admin JWT — admin endpoints require 2FA email code</skipped></testcase><testcase classname="backend.tests.test_iteration33_referral_push.TestAdminAuthGate" name="test_push_eligible_requires_auth" time="0.131" /><testcase classname="backend.tests.test_iteration33_referral_push.TestAdminAuthGate" name="test_push_broadcast_requires_auth" time="0.107" /><testcase classname="backend.tests.test_iteration33_referral_push.TestAdminAuthGate" name="test_push_history_requires_auth" time="0.104" /><testcase classname="backend.tests.test_iteration33_referral_push.TestRegression" name="test_signup_then_login" time="0.661" /><testcase classname="backend.tests.test_iteration33_referral_push.TestRegression" name="test_public_quote_endpoint" time="0.104" /></testsuite></testsuites>