<?xml version="1.0" encoding="utf-8"?><testsuites name="pytest tests"><testsuite name="pytest" errors="0" failures="1" skipped="2" tests="8" time="2.788" timestamp="2026-06-26T22:12:18.451870+00:00" hostname="agent-env-176f542b-70c5-43eb-b90d-bc10a50bfb49"><testcase classname="backend.tests.test_iter46_driver_invite" name="test_invite_without_auth_returns_401" time="0.251" /><testcase classname="backend.tests.test_iter46_driver_invite" name="test_invite_nonexistent_driver_404" time="0.044" /><testcase classname="backend.tests.test_iter46_driver_invite" name="test_invite_driver_without_email_400" time="0.087" /><testcase classname="backend.tests.test_iter46_driver_invite" name="test_invite_happy_path_real_email" time="0.612" /><testcase classname="backend.tests.test_iter46_driver_invite" name="test_invite_creates_password_reset_token_record" time="0.261" /><testcase classname="backend.tests.test_iter46_driver_invite" name="test_invite_email_failure_returns_setup_url" time="0.244"><failure message="Failed: BUG: send_email swallows Resend errors so sent always True. Response: {'ok': True, 'sent': True, 'email': 'invite-test@example.com', 'expires_at': '2026-07-03T22:12:19.872905+00:00', 'setup_url_if_email_failed': None, 'message': 'Invite emailed to invite-test@example.com. Link expires in 7 days.'}">backend/tests/test_iter46_driver_invite.py:155: in test_invite_email_failure_returns_setup_url
    pytest.fail(
E   Failed: BUG: send_email swallows Resend errors so sent always True. Response: {'ok': True, 'sent': True, 'email': 'invite-test@example.com', 'expires_at': '2026-07-03T22:12:19.872905+00:00', 'setup_url_if_email_failed': None, 'message': 'Invite emailed to invite-test@example.com. Link expires in 7 days.'}</failure></testcase><testcase classname="backend.tests.test_iter46_driver_invite" name="test_invite_token_works_with_reset_password" time="0.250"><skipped type="pytest.skip" message="Email delivered (sent=True); cannot read token from response.">/app/backend/tests/test_iter46_driver_invite.py:183: Email delivered (sent=True); cannot read token from response.</skipped></testcase><testcase classname="backend.tests.test_iter46_driver_invite" name="test_setup_url_uses_site_base_url" time="0.924"><skipped type="pytest.skip" message="sent=True; no fallback URL to inspect.">/app/backend/tests/test_iter46_driver_invite.py:210: sent=True; no fallback URL to inspect.</skipped></testcase></testsuite></testsuites>