<?xml version="1.0" encoding="utf-8"?><testsuites name="pytest tests"><testsuite name="pytest" errors="0" failures="0" skipped="0" tests="14" time="3.724" timestamp="2026-05-23T09:57:58.009704+00:00" hostname="agent-env-176f542b-70c5-43eb-b90d-bc10a50bfb49"><testcase classname="backend.tests.test_driver_location_flow.TestDriverAuth" name="test_driver_login_success" time="0.379" /><testcase classname="backend.tests.test_driver_location_flow.TestDriverAuth" name="test_driver_me_returns_profile" time="0.104" /><testcase classname="backend.tests.test_driver_location_flow.TestDriverPostLocation" name="test_requires_auth" time="0.099" /><testcase classname="backend.tests.test_driver_location_flow.TestDriverPostLocation" name="test_validates_lat_lng_bounds" time="0.102" /><testcase classname="backend.tests.test_driver_location_flow.TestDriverPostLocation" name="test_post_location_upserts_driver_locations" time="0.102" /><testcase classname="backend.tests.test_driver_location_flow.TestDriverLocationE2E" name="test_three_updates_with_booking_mirror" time="1.396" /><testcase classname="backend.tests.test_driver_location_flow.TestDriverLocationE2E" name="test_customer_cannot_fetch_other_booking" time="0.106" /><testcase classname="backend.tests.test_driver_location_flow.TestDriverLocationE2E" name="test_customer_endpoint_requires_auth" time="0.100" /><testcase classname="backend.tests.test_driver_location_flow.TestAdminDriversLive" name="test_requires_admin_auth" time="0.102" /><testcase classname="backend.tests.test_driver_location_flow.TestAdminDriversLive" name="test_returns_live_driver_with_online_flag" time="0.254" /><testcase classname="backend.tests.test_driver_location_flow.TestTripStatusLifecycle" name="test_trip_status_propagates_to_customer_endpoint[en_route]" time="0.201" /><testcase classname="backend.tests.test_driver_location_flow.TestTripStatusLifecycle" name="test_trip_status_propagates_to_customer_endpoint[on_location]" time="0.215" /><testcase classname="backend.tests.test_driver_location_flow.TestTripStatusLifecycle" name="test_trip_status_propagates_to_customer_endpoint[passenger_onboard]" time="0.236" /><testcase classname="backend.tests.test_driver_location_flow.TestTripStatusLifecycle" name="test_trip_status_propagates_to_customer_endpoint[completed]" time="0.224" /></testsuite></testsuites>