<?xml version="1.0" encoding="utf-8"?><testsuites name="pytest tests"><testsuite name="pytest" errors="0" failures="0" skipped="0" tests="17" time="6.780" timestamp="2026-05-20T14:36:23.585853+00:00" hostname="agent-env-176f542b-70c5-43eb-b90d-bc10a50bfb49"><testcase classname="backend.tests.test_iteration29_jwt_cancel_and_ua.TestCustomerJwtCancel" name="test_cancel_requires_jwt" time="0.816" /><testcase classname="backend.tests.test_iteration29_jwt_cancel_and_ua.TestCustomerJwtCancel" name="test_cancel_nonexistent_returns_404" time="0.205" /><testcase classname="backend.tests.test_iteration29_jwt_cancel_and_ua.TestCustomerJwtCancel" name="test_cancel_unpaid_immediately" time="0.139" /><testcase classname="backend.tests.test_iteration29_jwt_cancel_and_ua.TestCustomerJwtCancel" name="test_cancel_paid_flags_request_but_keeps_status" time="0.176" /><testcase classname="backend.tests.test_iteration29_jwt_cancel_and_ua.TestCustomerJwtCancel" name="test_cancel_already_completed_returns_400" time="0.132" /><testcase classname="backend.tests.test_iteration29_jwt_cancel_and_ua.TestCustomerJwtCancel" name="test_cancel_idempotent_for_already_cancelled" time="0.111" /><testcase classname="backend.tests.test_iteration29_jwt_cancel_and_ua.TestCustomerJwtCancel" name="test_cancel_other_customers_booking_returns_404" time="0.116" /><testcase classname="backend.tests.test_iteration29_jwt_cancel_and_ua.TestBookAndPayUserAgent" name="test_book_and_pay_browser_ua" time="0.711" /><testcase classname="backend.tests.test_iteration29_jwt_cancel_and_ua.TestBookAndPayUserAgent" name="test_book_and_pay_expo_ua" time="0.689" /><testcase classname="backend.tests.test_iteration29_jwt_cancel_and_ua.TestBookAndPayUserAgent" name="test_book_and_pay_okhttp_ua" time="0.611" /><testcase classname="backend.tests.test_iteration29_jwt_cancel_and_ua.TestDriverLocationCoords" name="test_driver_location_includes_coord_keys" time="0.540" /><testcase classname="backend.tests.test_iteration29_jwt_cancel_and_ua.TestDriverLocationCoords" name="test_driver_location_uses_cached_coord" time="0.141" /><testcase classname="backend.tests.test_iteration29_jwt_cancel_and_ua.TestTokenBasedCancelRegression" name="test_token_cancel_unpaid_still_works" time="0.145" /><testcase classname="backend.tests.test_iteration29_jwt_cancel_and_ua.TestTokenBasedCancelRegression" name="test_token_cancel_bad_token_returns_404" time="0.155" /><testcase classname="backend.tests.test_iteration29_jwt_cancel_and_ua.TestPasswordResetRegression" name="test_forgot_password_returns_generic_ok" time="0.548" /><testcase classname="backend.tests.test_iteration29_jwt_cancel_and_ua.TestPasswordResetRegression" name="test_reset_password_invalid_token" time="0.144" /><testcase classname="backend.tests.test_iteration29_jwt_cancel_and_ua.TestPasswordResetRegression" name="test_reset_password_full_flow" time="1.218" /></testsuite></testsuites>