<?xml version="1.0" encoding="utf-8"?><testsuites name="pytest tests"><testsuite name="pytest" errors="0" failures="0" skipped="0" tests="8" time="4.739" timestamp="2026-07-05T10:27:03.175359+00:00" hostname="agent-env-176f542b-70c5-43eb-b90d-bc10a50bfb49"><testcase classname="backend.tests.test_iter49_pay_after_ride.TestPublicBookingNewFields" name="test_public_booking_exposes_pay_later_fields" time="0.659" /><testcase classname="backend.tests.test_iter49_pay_after_ride.TestCheckoutSetup" name="test_setup_happy_path_instant_price_vehicle" time="1.588" /><testcase classname="backend.tests.test_iter49_pay_after_ride.TestCheckoutSetup" name="test_setup_rejects_quote_only_vehicle" time="0.540" /><testcase classname="backend.tests.test_iter49_pay_after_ride.TestCheckoutSetup" name="test_setup_404_when_booking_missing" time="0.095" /><testcase classname="backend.tests.test_iter49_pay_after_ride.TestAdminChargePayLater" name="test_requires_auth" time="0.096" /><testcase classname="backend.tests.test_iter49_pay_after_ride.TestAdminChargePayLater" name="test_rejects_non_pay_after_ride_booking" time="0.479" /><testcase classname="backend.tests.test_iter49_pay_after_ride.TestAdminChargePayLater" name="test_no_saved_card_returns_400" time="1.098" /><testcase classname="backend.tests.test_iter49_pay_after_ride.TestAdminChargePayLater" name="test_404_when_booking_missing" time="0.095" /></testsuite></testsuites>