<?xml version="1.0" encoding="utf-8"?><testsuites name="pytest tests"><testsuite name="pytest" errors="0" failures="0" skipped="0" tests="19" time="2.341" timestamp="2026-05-15T01:17:42.548273+00:00" hostname="agent-env-176f542b-70c5-43eb-b90d-bc10a50bfb49"><testcase classname="backend.tests.test_iteration18_wait_damage.TestPublicSettings" name="test_public_settings_returns_service_fee_3_5" time="0.005" /><testcase classname="backend.tests.test_iteration18_wait_damage.TestPublicSettings" name="test_quote_includes_service_fee_and_inflates_price" time="0.047" /><testcase classname="backend.tests.test_iteration18_wait_damage.TestDriverRecordWaitTime" name="test_old_charge_endpoint_removed" time="0.042" /><testcase classname="backend.tests.test_iteration18_wait_damage.TestDriverRecordWaitTime" name="test_record_wait_time_unknown_token_404" time="0.043" /><testcase classname="backend.tests.test_iteration18_wait_damage.TestDriverRecordWaitTime" name="test_record_wait_time_saves_without_charging" time="0.050" /><testcase classname="backend.tests.test_iteration18_wait_damage.TestDriverRecordWaitTime" name="test_record_wait_time_idempotent_overwrite" time="0.091" /><testcase classname="backend.tests.test_iteration18_wait_damage.TestDriverRecordWaitTime" name="test_record_wait_time_already_charged_short_circuits" time="0.046" /><testcase classname="backend.tests.test_iteration18_wait_damage.TestAdminChargeWaitTime" name="test_requires_auth" time="0.043" /><testcase classname="backend.tests.test_iteration18_wait_damage.TestAdminChargeWaitTime" name="test_unknown_booking_404" time="1.184" /><testcase classname="backend.tests.test_iteration18_wait_damage.TestAdminChargeWaitTime" name="test_no_saved_card_400" time="0.046" /><testcase classname="backend.tests.test_iteration18_wait_damage.TestAdminChargeWaitTime" name="test_no_consent_400" time="0.045" /><testcase classname="backend.tests.test_iteration18_wait_damage.TestAdminChargeWaitTime" name="test_no_pending_minutes_and_no_override_400" time="0.047" /><testcase classname="backend.tests.test_iteration18_wait_damage.TestAdminChargeDamages" name="test_requires_auth" time="0.045" /><testcase classname="backend.tests.test_iteration18_wait_damage.TestAdminChargeDamages" name="test_unknown_booking_404" time="0.044" /><testcase classname="backend.tests.test_iteration18_wait_damage.TestAdminChargeDamages" name="test_amount_too_small_422_or_400" time="0.045" /><testcase classname="backend.tests.test_iteration18_wait_damage.TestAdminChargeDamages" name="test_short_reason_422" time="0.046" /><testcase classname="backend.tests.test_iteration18_wait_damage.TestAdminChargeDamages" name="test_no_consent_400" time="0.046" /><testcase classname="backend.tests.test_iteration18_wait_damage.TestAdminChargeDamages" name="test_no_saved_card_400" time="0.047" /><testcase classname="backend.tests.test_iteration18_wait_damage.TestRegression" name="test_create_booking_still_works" time="0.222" /></testsuite></testsuites>