<?xml version="1.0" encoding="utf-8"?><testsuites name="pytest tests"><testsuite name="pytest" errors="0" failures="0" skipped="0" tests="24" time="2.644" timestamp="2026-05-15T09:18:22.686135+00:00" hostname="agent-env-176f542b-70c5-43eb-b90d-bc10a50bfb49"><testcase classname="backend.tests.test_iteration22_external_charge.TestMarkWaitTimeExternal" name="test_requires_auth" time="0.121" /><testcase classname="backend.tests.test_iteration22_external_charge.TestMarkWaitTimeExternal" name="test_unknown_booking_404" time="1.296" /><testcase classname="backend.tests.test_iteration22_external_charge.TestMarkWaitTimeExternal" name="test_validation_amount_required" time="0.049" /><testcase classname="backend.tests.test_iteration22_external_charge.TestMarkWaitTimeExternal" name="test_validation_minutes_must_be_positive" time="0.046" /><testcase classname="backend.tests.test_iteration22_external_charge.TestMarkWaitTimeExternal" name="test_records_and_persists" time="0.075" /><testcase classname="backend.tests.test_iteration22_external_charge.TestMarkWaitTimeExternal" name="test_idempotent_when_already_charged" time="0.049" /><testcase classname="backend.tests.test_iteration22_external_charge.TestMarkMidTripStopExternal" name="test_requires_auth" time="0.047" /><testcase classname="backend.tests.test_iteration22_external_charge.TestMarkMidTripStopExternal" name="test_unknown_booking_404" time="0.047" /><testcase classname="backend.tests.test_iteration22_external_charge.TestMarkMidTripStopExternal" name="test_unknown_stop_404" time="0.045" /><testcase classname="backend.tests.test_iteration22_external_charge.TestMarkMidTripStopExternal" name="test_missing_stop_id_400" time="0.047" /><testcase classname="backend.tests.test_iteration22_external_charge.TestMarkMidTripStopExternal" name="test_records_and_persists" time="0.051" /><testcase classname="backend.tests.test_iteration22_external_charge.TestMarkMidTripStopExternal" name="test_idempotent_when_already_charged" time="0.049" /><testcase classname="backend.tests.test_iteration22_external_charge.TestMarkDamageExternal" name="test_requires_auth" time="0.043" /><testcase classname="backend.tests.test_iteration22_external_charge.TestMarkDamageExternal" name="test_unknown_booking_404" time="0.043" /><testcase classname="backend.tests.test_iteration22_external_charge.TestMarkDamageExternal" name="test_validation_amount_required" time="0.047" /><testcase classname="backend.tests.test_iteration22_external_charge.TestMarkDamageExternal" name="test_validation_reason_min_4" time="0.044" /><testcase classname="backend.tests.test_iteration22_external_charge.TestMarkDamageExternal" name="test_validation_reason_missing" time="0.084" /><testcase classname="backend.tests.test_iteration22_external_charge.TestMarkDamageExternal" name="test_records_and_persists" time="0.060" /><testcase classname="backend.tests.test_iteration22_external_charge.TestRegressionSmoke" name="test_quote_with_additional_stops_still_works" time="0.047" /><testcase classname="backend.tests.test_iteration22_external_charge.TestRegressionSmoke" name="test_admin_bookings_list" time="0.063" /><testcase classname="backend.tests.test_iteration22_external_charge.TestRegressionSmoke" name="test_driver_view_returns_mid_trip_stops" time="0.048" /><testcase classname="backend.tests.test_iteration22_external_charge.TestRegressionSmoke" name="test_charge_wait_time_no_card_400" time="0.049" /><testcase classname="backend.tests.test_iteration22_external_charge.TestRegressionSmoke" name="test_charge_damages_no_card_400" time="0.044" /><testcase classname="backend.tests.test_iteration22_external_charge.TestRegressionSmoke" name="test_charge_mid_trip_stop_no_card_400" time="0.055" /></testsuite></testsuites>