<?xml version="1.0" encoding="utf-8"?><testsuites name="pytest tests"><testsuite name="pytest" errors="0" failures="0" skipped="0" tests="3" time="0.494" timestamp="2026-06-26T08:23:19.711321+00:00" hostname="agent-env-176f542b-70c5-43eb-b90d-bc10a50bfb49"><testcase classname="backend.tests.test_iter44_public_booking_phone" name="test_public_booking_returns_phone_field" time="0.225" /><testcase classname="backend.tests.test_iter44_public_booking_phone" name="test_public_booking_preserves_all_existing_fields" time="0.100" /><testcase classname="backend.tests.test_iter44_public_booking_phone" name="test_public_booking_404_for_unknown_id" time="0.107" /></testsuite></testsuites>