<?xml version="1.0" encoding="utf-8"?><testsuites name="pytest tests"><testsuite name="pytest" errors="0" failures="0" skipped="0" tests="11" time="3.339" timestamp="2026-05-15T10:18:15.069757+00:00" hostname="agent-env-176f542b-70c5-43eb-b90d-bc10a50bfb49"><testcase classname="backend.tests.test_iteration23_backfill_saved_card.TestAuthGates" name="test_single_backfill_requires_auth" time="0.177" /><testcase classname="backend.tests.test_iteration23_backfill_saved_card.TestAuthGates" name="test_bulk_backfill_requires_auth" time="0.101" /><testcase classname="backend.tests.test_iteration23_backfill_saved_card.TestSingleBackfillErrors" name="test_404_unknown_booking" time="1.431" /><testcase classname="backend.tests.test_iteration23_backfill_saved_card.TestSingleBackfillErrors" name="test_400_when_booking_not_paid" time="0.115" /><testcase classname="backend.tests.test_iteration23_backfill_saved_card.TestSingleBackfillErrors" name="test_400_when_no_session_id" time="0.143" /><testcase classname="backend.tests.test_iteration23_backfill_saved_card.TestSingleBackfillErrors" name="test_400_when_stripe_returns_no_pm" time="0.328" /><testcase classname="backend.tests.test_iteration23_backfill_saved_card.TestBulkBackfill" name="test_bulk_returns_proper_shape_and_skips_invalid" time="0.439" /><testcase classname="backend.tests.test_iteration23_backfill_saved_card.TestRegression" name="test_quote_with_stops_still_works" time="0.114" /><testcase classname="backend.tests.test_iteration23_backfill_saved_card.TestRegression" name="test_admin_bookings_list_still_works" time="0.130" /><testcase classname="backend.tests.test_iteration23_backfill_saved_card.TestRegression" name="test_admin_me_still_works" time="0.101" /><testcase classname="backend.tests.test_iteration23_backfill_saved_card.TestRegression" name="test_charge_wait_time_still_gated_on_no_saved_card" time="0.107" /></testsuite></testsuites>