<?xml version="1.0" encoding="utf-8"?><testsuites name="pytest tests"><testsuite name="pytest" errors="0" failures="0" skipped="0" tests="17" time="6.051" timestamp="2026-05-10T22:07:05.799834+00:00" hostname="agent-env-176f542b-70c5-43eb-b90d-bc10a50bfb49"><testcase classname="backend.tests.test_iteration11_zones.TestQuoteSurcharge" name="test_healdsburg_zone_applies_65" time="0.157" /><testcase classname="backend.tests.test_iteration11_zones.TestQuoteSurcharge" name="test_calistoga_zone_applies_55" time="0.388" /><testcase classname="backend.tests.test_iteration11_zones.TestQuoteSurcharge" name="test_no_zone_match_returns_null" time="0.416" /><testcase classname="backend.tests.test_iteration11_zones.TestQuoteSurcharge" name="test_long_distance_exceeds_threshold" time="0.211" /><testcase classname="backend.tests.test_iteration11_zones.TestQuoteSurcharge" name="test_hourly_mode_bypasses_surcharge" time="0.118" /><testcase classname="backend.tests.test_iteration11_zones.TestQuoteSurcharge" name="test_bay_area_distance_regression" time="0.329" /><testcase classname="backend.tests.test_iteration11_zones.TestAdminZonesCRUD" name="test_list_seeded_zones" time="1.610" /><testcase classname="backend.tests.test_iteration11_zones.TestAdminZonesCRUD" name="test_list_zones_requires_auth" time="0.118" /><testcase classname="backend.tests.test_iteration11_zones.TestAdminZonesCRUD" name="test_create_zone_requires_auth" time="0.122" /><testcase classname="backend.tests.test_iteration11_zones.TestAdminZonesCRUD" name="test_patch_zone_requires_auth" time="0.106" /><testcase classname="backend.tests.test_iteration11_zones.TestAdminZonesCRUD" name="test_delete_zone_requires_auth" time="0.109" /><testcase classname="backend.tests.test_iteration11_zones.TestAdminZonesCRUD" name="test_full_crud_lifecycle" time="0.472" /><testcase classname="backend.tests.test_iteration11_zones.TestAdminZonesCRUD" name="test_patch_disabled_zone_skips_surcharge" time="0.382" /><testcase classname="backend.tests.test_iteration11_zones.TestAdminZonesCRUD" name="test_patch_amount_reflected_in_quote" time="0.340" /><testcase classname="backend.tests.test_iteration11_zones.TestDomainSwap" name="test_robots_txt" time="0.104" /><testcase classname="backend.tests.test_iteration11_zones.TestDomainSwap" name="test_sitemap_xml" time="0.131" /><testcase classname="backend.tests.test_iteration11_zones.TestCheckoutAppliesSurcharge" name="test_confirmed_zone_booking_includes_surcharge" time="0.776" /></testsuite></testsuites>