<?xml version="1.0" encoding="utf-8"?><testsuites name="pytest tests"><testsuite name="pytest" errors="0" failures="1" skipped="0" tests="17" time="15.124" timestamp="2026-05-10T02:54:00.694760+00:00" hostname="agent-env-176f542b-70c5-43eb-b90d-bc10a50bfb49"><testcase classname="backend.tests.test_iteration8.TestReviews" name="test_reviews_fallback_handpicked" time="0.199" /><testcase classname="backend.tests.test_iteration8.TestManageBooking" name="test_admin_patch_confirmed_generates_manage_token_and_cn" time="2.688" /><testcase classname="backend.tests.test_iteration8.TestManageBooking" name="test_admin_patch_completed_sets_completed_at" time="0.381" /><testcase classname="backend.tests.test_iteration8.TestManageBooking" name="test_manage_view_invalid_token_404" time="0.114" /><testcase classname="backend.tests.test_iteration8.TestManageBooking" name="test_cancel_unpaid_booking_flips_to_cancelled" time="2.389" /><testcase classname="backend.tests.test_iteration8.TestManageBooking" name="test_cancel_paid_booking_flags_cancellation_requested" time="2.404" /><testcase classname="backend.tests.test_iteration8.TestManageBooking" name="test_cancel_completed_booking_400" time="2.041" /><testcase classname="backend.tests.test_iteration8.TestBookingModelFields" name="test_booking_doc_has_new_fields" time="2.378" /><testcase classname="backend.tests.test_iteration8.TestSMSService" name="test_sms_no_op_when_env_blank" time="0.001" /><testcase classname="backend.tests.test_iteration8.TestSMSService" name="test_sms_render_helpers" time="0.000" /><testcase classname="backend.tests.test_iteration8.TestScheduler" name="test_review_request_scheduler_log_present" time="0.004" /><testcase classname="backend.tests.test_iteration8.TestScheduler" name="test_review_request_job_function_callable" time="0.450" /><testcase classname="backend.tests.test_iteration8.TestPublicRegression" name="test_options" time="0.101" /><testcase classname="backend.tests.test_iteration8.TestPublicRegression" name="test_quote" time="1.183" /><testcase classname="backend.tests.test_iteration8.TestPublicRegression" name="test_contact" time="0.126" /><testcase classname="backend.tests.test_iteration8.TestPublicRegression" name="test_bookings_then_checkout" time="0.255"><failure message="AssertionError: {&quot;detail&quot;:[{&quot;type&quot;:&quot;missing&quot;,&quot;loc&quot;:[&quot;body&quot;,&quot;origin_url&quot;],&quot;msg&quot;:&quot;Field required&quot;,&quot;input&quot;:{&quot;booking_id&quot;:&quot;5bd4a79e-6a4d-4c95-8520-bf4628136c29&quot;},&quot;url&quot;:&quot;https://errors.pydantic.dev/2.13/v/missing&quot;}]}&#10;assert 422 == 200&#10; +  where 422 = &lt;Response [422]&gt;.status_code">backend/tests/test_iteration8.py:398: in test_bookings_then_checkout
    assert r.status_code == 200, r.text
E   AssertionError: {"detail":[{"type":"missing","loc":["body","origin_url"],"msg":"Field required","input":{"booking_id":"5bd4a79e-6a4d-4c95-8520-bf4628136c29"},"url":"https://errors.pydantic.dev/2.13/v/missing"}]}
E   assert 422 == 200
E    +  where 422 = &lt;Response [422]&gt;.status_code</failure></testcase><testcase classname="backend.tests.test_iteration8.TestPublicRegression" name="test_places_autocomplete" time="0.244" /></testsuite></testsuites>