<?xml version="1.0" encoding="utf-8"?><testsuites name="pytest tests"><testsuite name="pytest" errors="0" failures="0" skipped="0" tests="10" time="1.791" timestamp="2026-06-10T09:15:28.870273+00:00" hostname="agent-env-176f542b-70c5-43eb-b90d-bc10a50bfb49"><testcase classname="backend.tests.test_iteration34_auto_apply_promo.TestNoAutoPromo" name="test_quote_succeeds_and_new_fields_are_null" time="0.470" /><testcase classname="backend.tests.test_iteration34_auto_apply_promo.TestAutoPromoSingleVehicle" name="test_only_target_vehicle_decorated" time="0.108" /><testcase classname="backend.tests.test_iteration34_auto_apply_promo.TestAutoPromoAllVehicles" name="test_all_priced_vehicles_decorated" time="0.119" /><testcase classname="backend.tests.test_iteration34_auto_apply_promo.TestAutoPromoMinRide" name="test_only_high_priced_vehicles_get_discount" time="0.117" /><testcase classname="backend.tests.test_iteration34_auto_apply_promo.TestAutoPromoMultiple" name="test_only_one_promo_wins_and_is_best" time="0.153" /><testcase classname="backend.tests.test_iteration34_auto_apply_promo.TestAutoPromoHourly" name="test_hourly_quote_decorated" time="0.105" /><testcase classname="backend.tests.test_iteration34_auto_apply_promo.TestInactivePromoIgnored" name="test_inactive_promo_not_applied" time="0.110" /><testcase classname="backend.tests.test_iteration34_auto_apply_promo.TestAutoApplyFieldRoundTrip" name="test_auto_apply_field_persists" time="0.113" /><testcase classname="backend.tests.test_iteration34_auto_apply_promo.TestManualPromoRegression" name="test_validate_endpoint_works" time="0.114" /><testcase classname="backend.tests.test_iteration34_auto_apply_promo.TestBookingPaymentSmoke" name="test_quote_then_payment_intent_smoke" time="0.218" /></testsuite></testsuites>