<?xml version="1.0" encoding="utf-8"?><testsuites name="pytest tests"><testsuite name="pytest" errors="0" failures="0" skipped="0" tests="22" time="4.481" timestamp="2026-05-15T11:15:25.520496+00:00" hostname="agent-env-176f542b-70c5-43eb-b90d-bc10a50bfb49"><testcase classname="backend.tests.test_iteration24_refund_tiers.TestPublicSettings" name="test_public_settings_exposes_default_tiers" time="0.209" /><testcase classname="backend.tests.test_iteration24_refund_tiers.TestRefundPreview" name="test_refund_preview_requires_auth" time="0.102" /><testcase classname="backend.tests.test_iteration24_refund_tiers.TestRefundPreview" name="test_refund_preview_unknown_booking_404" time="1.460" /><testcase classname="backend.tests.test_iteration24_refund_tiers.TestRefundPreview" name="test_refund_preview_unpaid_booking_400" time="0.104" /><testcase classname="backend.tests.test_iteration24_refund_tiers.TestRefundPreview" name="test_refund_preview_prompt_booking_shape" time="0.108" /><testcase classname="backend.tests.test_iteration24_refund_tiers.TestTierSelectionEdges" name="test_tier_selection_at_offset[30-24-100]" time="0.139" /><testcase classname="backend.tests.test_iteration24_refund_tiers.TestTierSelectionEdges" name="test_tier_selection_at_offset[12-6-50]" time="0.106" /><testcase classname="backend.tests.test_iteration24_refund_tiers.TestTierSelectionEdges" name="test_tier_selection_at_offset[3-0-0]" time="0.103" /><testcase classname="backend.tests.test_iteration24_refund_tiers.TestTierSelectionEdges" name="test_tier_selection_at_offset[-2-0-0]" time="0.171" /><testcase classname="backend.tests.test_iteration24_refund_tiers.TestSettingsTiersPatch" name="test_patch_settings_persists_tiers" time="0.315" /><testcase classname="backend.tests.test_iteration24_refund_tiers.TestSettingsTiersPatch" name="test_patch_settings_requires_auth" time="0.109" /><testcase classname="backend.tests.test_iteration24_refund_tiers.TestRefundPost" name="test_refund_requires_auth" time="0.101" /><testcase classname="backend.tests.test_iteration24_refund_tiers.TestRefundPost" name="test_refund_unknown_booking_404" time="0.102" /><testcase classname="backend.tests.test_iteration24_refund_tiers.TestRefundPost" name="test_refund_unpaid_booking_400" time="0.147" /><testcase classname="backend.tests.test_iteration24_refund_tiers.TestRefundPost" name="test_refund_prompt_booking_no_session_id_400" time="0.120" /><testcase classname="backend.tests.test_iteration24_refund_tiers.TestRefundPost" name="test_refund_validation_negative_amount" time="0.106" /><testcase classname="backend.tests.test_iteration24_refund_tiers.TestRegressionSmoke" name="test_quote_with_stops" time="0.268" /><testcase classname="backend.tests.test_iteration24_refund_tiers.TestRegressionSmoke" name="test_admin_bookings_list" time="0.133" /><testcase classname="backend.tests.test_iteration24_refund_tiers.TestRegressionSmoke" name="test_charge_wait_time_auth_gate" time="0.092" /><testcase classname="backend.tests.test_iteration24_refund_tiers.TestRegressionSmoke" name="test_charge_damages_auth_gate" time="0.117" /><testcase classname="backend.tests.test_iteration24_refund_tiers.TestRegressionSmoke" name="test_charge_mid_trip_stop_auth_gate" time="0.099" /><testcase classname="backend.tests.test_iteration24_refund_tiers.TestRegressionSmoke" name="test_backfill_saved_card_auth_gate" time="0.110" /></testsuite></testsuites>