<?xml version="1.0" encoding="utf-8"?><testsuites name="pytest tests"><testsuite name="pytest" errors="0" failures="0" skipped="0" tests="4" time="1.327" timestamp="2026-06-20T06:27:38.850460+00:00" hostname="agent-env-176f542b-70c5-43eb-b90d-bc10a50bfb49"><testcase classname="backend.tests.test_iter41_features.TestWeeklyDigestAuth" name="test_preview_unauth_401" time="0.170" /><testcase classname="backend.tests.test_iter41_features.TestWeeklyDigestAuth" name="test_send_unauth_401" time="0.094" /><testcase classname="backend.tests.test_iter41_features.TestQuoteRequestUtm" name="test_quote_request_persists_utm" time="0.500" /><testcase classname="backend.tests.test_iter41_features.TestBookingUtm" name="test_booking_accepts_utm" time="0.432" /></testsuite></testsuites>