<?xml version="1.0" encoding="utf-8"?><testsuites name="pytest tests"><testsuite name="pytest" errors="0" failures="0" skipped="0" tests="11" time="8.642" timestamp="2026-07-05T11:10:43.142423+00:00" hostname="agent-env-176f542b-70c5-43eb-b90d-bc10a50bfb49"><testcase classname="backend.tests.test_iter50_marketing_push.TestCheckoutPayNow" name="test_checkout_pay_now_still_creates_stripe_session" time="1.043" /><testcase classname="backend.tests.test_iter50_marketing_push.TestCheckoutPayNow" name="test_checkout_pay_now_status_pending" time="1.530" /><testcase classname="backend.tests.test_iter50_marketing_push.TestCheckoutSetupCustomText" name="test_setup_still_creates_session" time="1.186" /><testcase classname="backend.tests.test_iter49_pay_after_ride.TestPublicBookingNewFields" name="test_public_booking_exposes_pay_later_fields" time="0.531" /><testcase classname="backend.tests.test_iter49_pay_after_ride.TestCheckoutSetup" name="test_setup_happy_path_instant_price_vehicle" time="1.605" /><testcase classname="backend.tests.test_iter49_pay_after_ride.TestCheckoutSetup" name="test_setup_rejects_quote_only_vehicle" time="0.726" /><testcase classname="backend.tests.test_iter49_pay_after_ride.TestCheckoutSetup" name="test_setup_404_when_booking_missing" time="0.098" /><testcase classname="backend.tests.test_iter49_pay_after_ride.TestAdminChargePayLater" name="test_requires_auth" time="0.090" /><testcase classname="backend.tests.test_iter49_pay_after_ride.TestAdminChargePayLater" name="test_rejects_non_pay_after_ride_booking" time="0.489" /><testcase classname="backend.tests.test_iter49_pay_after_ride.TestAdminChargePayLater" name="test_no_saved_card_returns_400" time="1.172" /><testcase classname="backend.tests.test_iter49_pay_after_ride.TestAdminChargePayLater" name="test_404_when_booking_missing" time="0.093" /></testsuite></testsuites>