<?xml version="1.0" encoding="utf-8"?><testsuites name="pytest tests"><testsuite name="pytest" errors="0" failures="0" skipped="0" tests="11" time="19.449" timestamp="2026-06-17T02:23:19.325027+00:00" hostname="agent-env-176f542b-70c5-43eb-b90d-bc10a50bfb49"><testcase classname="backend.tests.test_iteration40_chat.TestChatStart" name="test_start_returns_session_id_and_opener" time="0.246" /><testcase classname="backend.tests.test_iteration40_chat.TestChatStart" name="test_start_public_no_auth_required" time="0.140" /><testcase classname="backend.tests.test_iteration40_chat.TestChatStart" name="test_start_works_with_empty_body" time="0.048" /><testcase classname="backend.tests.test_iteration40_chat.TestChatMessage" name="test_pricing_question_returns_coherent_reply" time="4.353" /><testcase classname="backend.tests.test_iteration40_chat.TestChatMessage" name="test_multiturn_context_remembered" time="9.893" /><testcase classname="backend.tests.test_iteration40_chat.TestChatMessage" name="test_absurd_request_deflects_gracefully" time="4.438" /><testcase classname="backend.tests.test_iteration40_chat.TestChatMessage" name="test_invalid_session_returns_404" time="0.051" /><testcase classname="backend.tests.test_iteration40_chat.TestChatMessage" name="test_message_over_2000_chars_rejected_422" time="0.051" /><testcase classname="backend.tests.test_iteration40_chat.TestChatMessage" name="test_empty_message_rejected" time="0.045" /><testcase classname="backend.tests.test_iteration40_chat.TestChatHistory" name="test_history_returns_all_prior_messages" time="0.050" /><testcase classname="backend.tests.test_iteration40_chat.TestChatHistory" name="test_history_unknown_session_returns_404" time="0.049" /></testsuite></testsuites>