<?xml version="1.0" encoding="utf-8"?><testsuites name="pytest tests"><testsuite name="pytest" errors="0" failures="0" skipped="0" tests="15" time="4.300" timestamp="2026-05-11T03:17:09.733178+00:00" hostname="agent-env-176f542b-70c5-43eb-b90d-bc10a50bfb49"><testcase classname="backend.tests.test_iteration13_meet_greet.TestMeetGreetQuote" name="test_airport_transfer_with_mg_adds_25" time="0.398" /><testcase classname="backend.tests.test_iteration13_meet_greet.TestMeetGreetQuote" name="test_hourly_chauffeur_with_mg_does_not_add_fee" time="0.259" /><testcase classname="backend.tests.test_iteration13_meet_greet.TestMeetGreetQuote" name="test_wedding_with_mg_does_not_add_fee" time="0.284" /><testcase classname="backend.tests.test_iteration13_meet_greet.TestMeetGreetQuote" name="test_no_service_type_with_mg_does_not_add_fee" time="0.297" /><testcase classname="backend.tests.test_iteration13_meet_greet.TestMeetGreetQuote" name="test_response_shape_no_mg_field_when_off" time="0.105" /><testcase classname="backend.tests.test_iteration13_meet_greet.TestAdminSettings" name="test_get_settings_has_meet_greet_fee" time="0.801" /><testcase classname="backend.tests.test_iteration13_meet_greet.TestAdminSettings" name="test_update_meet_greet_fee_reflects_in_quote" time="0.458" /><testcase classname="backend.tests.test_iteration13_meet_greet.TestBookingMeetGreet" name="test_create_booking_with_mg_persists" time="0.400" /><testcase classname="backend.tests.test_iteration13_meet_greet.TestRegression" name="test_options" time="0.109" /><testcase classname="backend.tests.test_iteration13_meet_greet.TestRegression" name="test_contact_endpoint" time="0.107" /><testcase classname="backend.tests.test_iteration13_meet_greet.TestRegression" name="test_places_autocomplete" time="0.227" /><testcase classname="backend.tests.test_iteration13_meet_greet.TestRegression" name="test_quote_zone_surcharge_healdsburg" time="0.213" /><testcase classname="backend.tests.test_iteration13_meet_greet.TestRegression" name="test_admin_login_endpoint_still_uses_gmail" time="0.324" /><testcase classname="backend.tests.test_iteration13_meet_greet.TestRegression" name="test_admin_zones_list" time="0.125" /><testcase classname="backend.tests.test_iteration13_meet_greet.TestRegression" name="test_admin_surge_events_list" time="0.107" /></testsuite></testsuites>