<?xml version="1.0" encoding="utf-8"?><testsuites name="pytest tests"><testsuite name="pytest" errors="0" failures="1" skipped="0" tests="22" time="8.141" timestamp="2026-05-09T09:26:47.979642+00:00" hostname="agent-env-176f542b-70c5-43eb-b90d-bc10a50bfb49"><testcase classname="backend.tests.test_iteration5.TestPlacesAutocomplete" name="test_too_short" time="0.572" /><testcase classname="backend.tests.test_iteration5.TestPlacesAutocomplete" name="test_empty_input" time="0.130" /><testcase classname="backend.tests.test_iteration5.TestPlacesAutocomplete" name="test_four_seasons_returns_results" time="0.199" /><testcase classname="backend.tests.test_iteration5.TestConfirmationFlow" name="test_confirm_generates_confirmation_number" time="0.582" /><testcase classname="backend.tests.test_iteration5.TestConfirmationFlow" name="test_confirm_idempotent" time="0.928" /><testcase classname="backend.tests.test_iteration5.TestConfirmationFlow" name="test_confirm_call_only_vehicle_no_quote" time="0.499" /><testcase classname="backend.tests.test_iteration5.TestPublicBooking" name="test_public_booking_no_auth" time="0.573" /><testcase classname="backend.tests.test_iteration5.TestPublicBooking" name="test_public_not_found" time="0.104" /><testcase classname="backend.tests.test_iteration5.TestSettings" name="test_settings_auth_required" time="0.098" /><testcase classname="backend.tests.test_iteration5.TestSettings" name="test_get_settings_default" time="0.270" /><testcase classname="backend.tests.test_iteration5.TestSettings" name="test_patch_settings_affects_public_booking" time="0.797" /><testcase classname="backend.tests.test_iteration5.TestSettings" name="test_settings_validation" time="0.112" /><testcase classname="backend.tests.test_iteration5.TestPayments" name="test_checkout_requires_quote" time="0.632" /><testcase classname="backend.tests.test_iteration5.TestPayments" name="test_checkout_creates_session" time="1.433"><failure message="AssertionError: Internal Server Error&#10;assert 500 == 200&#10; +  where 500 = &lt;Response [500]&gt;.status_code">backend/tests/test_iteration5.py:218: in test_checkout_creates_session
    assert sr.status_code == 200, sr.text
E   AssertionError: Internal Server Error
E   assert 500 == 200
E    +  where 500 = &lt;Response [500]&gt;.status_code</failure></testcase><testcase classname="backend.tests.test_iteration5.TestPayments" name="test_checkout_booking_not_found" time="0.097" /><testcase classname="backend.tests.test_iteration5.TestRefund" name="test_refund_auth_required" time="0.094" /><testcase classname="backend.tests.test_iteration5.TestRefund" name="test_refund_unpaid_returns_400" time="0.302" /><testcase classname="backend.tests.test_iteration5.TestRefund" name="test_refund_booking_not_found" time="0.104" /><testcase classname="backend.tests.test_iteration5.TestRegression" name="test_options_unchanged" time="0.108" /><testcase classname="backend.tests.test_iteration5.TestRegression" name="test_admin_login_still_works" time="0.100" /><testcase classname="backend.tests.test_iteration5.TestRegression" name="test_pricing_endpoints_still_work" time="0.094" /><testcase classname="backend.tests.test_iteration5.TestRegression" name="test_quote_still_works" time="0.197" /></testsuite></testsuites>