<?xml version="1.0" encoding="utf-8"?><testsuites name="pytest tests"><testsuite name="pytest" errors="0" failures="0" skipped="0" tests="12" time="6.436" timestamp="2026-05-09T13:10:03.826060+00:00" hostname="agent-env-176f542b-70c5-43eb-b90d-bc10a50bfb49"><testcase classname="backend.tests.test_iteration6.TestBrand" name="test_root_brand" time="0.513" /><testcase classname="backend.tests.test_iteration6.TestCheckoutAutoGenCN" name="test_admin_confirm_uses_TEL_prefix" time="0.616" /><testcase classname="backend.tests.test_iteration6.TestCheckoutAutoGenCN" name="test_checkout_generates_CN_when_missing" time="1.648" /><testcase classname="backend.tests.test_iteration6.TestCheckoutAutoGenCN" name="test_checkout_call_only_no_CN_required" time="0.476" /><testcase classname="backend.tests.test_iteration6.TestPaymentStatus" name="test_status_no_500_on_stripe_failure" time="1.039" /><testcase classname="backend.tests.test_iteration6.TestPaymentStatus" name="test_status_unknown_session_returns_404" time="0.110" /><testcase classname="backend.tests.test_iteration6.TestAdminConfirmIdempotent" name="test_idempotent" time="0.888" /><testcase classname="backend.tests.test_iteration6.TestPricing" name="test_patch_and_get" time="0.412" /><testcase classname="backend.tests.test_iteration6.TestPriorRegression" name="test_options" time="0.100" /><testcase classname="backend.tests.test_iteration6.TestPriorRegression" name="test_admin_me" time="0.111" /><testcase classname="backend.tests.test_iteration6.TestPriorRegression" name="test_quote" time="0.113" /><testcase classname="backend.tests.test_iteration6.TestPriorRegression" name="test_settings_default" time="0.331" /></testsuite></testsuites>