<?xml version="1.0" encoding="utf-8"?><testsuites name="pytest tests"><testsuite name="pytest" errors="0" failures="0" skipped="0" tests="23" time="4.191" timestamp="2026-05-20T22:23:58.151520+00:00" hostname="agent-env-176f542b-70c5-43eb-b90d-bc10a50bfb49"><testcase classname="backend.tests.test_iteration31_modify_quote_recompute.TestModifyQuoteRecompute" name="test_dropoff_swap_to_long_distance_recomputes_quote" time="0.671" /><testcase classname="backend.tests.test_iteration31_modify_quote_recompute.TestModifyQuoteRecompute" name="test_dropoff_swap_with_luxury_suv_recomputes_to_higher_quote" time="0.135" /><testcase classname="backend.tests.test_iteration31_modify_quote_recompute.TestModifyQuoteRecompute" name="test_vehicle_upgrade_changes_quote" time="0.148" /><testcase classname="backend.tests.test_iteration31_modify_quote_recompute.TestModifyQuoteRecompute" name="test_notes_only_change_keeps_pricing_unchanged" time="0.139" /><testcase classname="backend.tests.test_iteration31_modify_quote_recompute.TestModifyQuoteRecompute" name="test_passengers_only_change_keeps_pricing_unchanged" time="0.115" /><testcase classname="backend.tests.test_iteration30_jwt_modify_booking.TestModifyAuthAndOwnership" name="test_modify_requires_jwt" time="0.442" /><testcase classname="backend.tests.test_iteration30_jwt_modify_booking.TestModifyAuthAndOwnership" name="test_modify_nonexistent_returns_404" time="0.109" /><testcase classname="backend.tests.test_iteration30_jwt_modify_booking.TestModifyAuthAndOwnership" name="test_modify_other_customers_booking_returns_404" time="0.106" /><testcase classname="backend.tests.test_iteration30_jwt_modify_booking.TestModifyStatePreconditions" name="test_modify_paid_returns_409_with_dispatch_phone" time="0.126" /><testcase classname="backend.tests.test_iteration30_jwt_modify_booking.TestModifyStatePreconditions" name="test_modify_completed_returns_400" time="0.138" /><testcase classname="backend.tests.test_iteration30_jwt_modify_booking.TestModifyStatePreconditions" name="test_modify_cancelled_returns_400" time="0.143" /><testcase classname="backend.tests.test_iteration30_jwt_modify_booking.TestModifyNoChanges" name="test_modify_with_same_notes_returns_no_changes" time="0.130" /><testcase classname="backend.tests.test_iteration30_jwt_modify_booking.TestModifyNoChanges" name="test_modify_with_empty_payload_returns_no_changes" time="0.126" /><testcase classname="backend.tests.test_iteration30_jwt_modify_booking.TestModifyNonPricingChange" name="test_modify_notes_only" time="0.145" /><testcase classname="backend.tests.test_iteration30_jwt_modify_booking.TestModifyNonPricingChange" name="test_modify_passengers_only" time="0.118" /><testcase classname="backend.tests.test_iteration30_jwt_modify_booking.TestModifyPricingChange" name="test_modify_dropoff_location_returns_quote_fields" time="0.184" /><testcase classname="backend.tests.test_iteration30_jwt_modify_booking.TestModifyPricingChange" name="test_modify_pickup_location_clears_pickup_coord" time="0.128" /><testcase classname="backend.tests.test_iteration30_jwt_modify_booking.TestModifyPricingChange" name="test_modify_vehicle_type" time="0.118" /><testcase classname="backend.tests.test_iteration30_jwt_modify_booking.TestModifyPricingChange" name="test_modify_pickup_datetime" time="0.131" /><testcase classname="backend.tests.test_iteration30_jwt_modify_booking.TestModifyPricingChange" name="test_modify_invalid_pickup_datetime_returns_400" time="0.111" /><testcase classname="backend.tests.test_iteration30_jwt_modify_booking.TestModifyPricingChange" name="test_modify_full_payload_persists_via_get" time="0.308" /><testcase classname="backend.tests.test_iteration30_jwt_modify_booking.TestCancelRegression" name="test_cancel_unpaid_still_works" time="0.138" /><testcase classname="backend.tests.test_iteration30_jwt_modify_booking.TestCancelRegression" name="test_cancel_paid_still_flags_request" time="0.132" /></testsuite></testsuites>