<?xml version="1.0" encoding="utf-8"?><testsuites name="pytest tests"><testsuite name="pytest" errors="0" failures="0" skipped="0" tests="14" time="3.954" timestamp="2026-06-14T17:29:44.214929+00:00" hostname="agent-env-176f542b-70c5-43eb-b90d-bc10a50bfb49"><testcase classname="backend.tests.test_safety_antifraud.TestAdminAuthSanity" name="test_admin_me_with_minted_token" time="0.007" /><testcase classname="backend.tests.test_safety_antifraud.TestQuoteRequestRiskScoring" name="test_clean_submission_green_band" time="0.713" /><testcase classname="backend.tests.test_safety_antifraud.TestQuoteRequestRiskScoring" name="test_high_risk_submission_red_band" time="0.652" /><testcase classname="backend.tests.test_safety_antifraud.TestBlacklistCRUD" name="test_blacklist_add_list_silent_accept_and_delete" time="0.628" /><testcase classname="backend.tests.test_safety_antifraud.TestBlacklistCRUD" name="test_blacklist_validation" time="0.003" /><testcase classname="backend.tests.test_safety_antifraud.TestReviewQueueAndClear" name="test_review_queue_contains_red_and_clear_removes" time="0.356" /><testcase classname="backend.tests.test_safety_antifraud.TestReviewQueueAndClear" name="test_clear_risk_bookings_404_unknown" time="0.003" /><testcase classname="backend.tests.test_safety_antifraud.TestIpLookup" name="test_ip_lookup_returns_geo" time="0.002" /><testcase classname="backend.tests.test_safety_antifraud.TestPhoneOTP" name="test_full_otp_flow_mocked" time="0.553" /><testcase classname="backend.tests.test_safety_antifraud.TestPhoneOTP" name="test_send_otp_unknown_token" time="0.043" /><testcase classname="backend.tests.test_safety_antifraud.TestSafetySettings" name="test_get_and_patch_safety_settings" time="0.012" /><testcase classname="backend.tests.test_safety_antifraud.TestSafetySettings" name="test_negative_threshold_rejected" time="0.002" /><testcase classname="backend.tests.test_safety_antifraud.TestCheckout428Gate" name="test_checkout_returns_428_when_gate_on" time="0.437" /><testcase classname="backend.tests.test_safety_antifraud.TestRegressionPlainQuoteRequest" name="test_plain_quote_request_submission_works" time="0.431" /></testsuite></testsuites>