<?xml version="1.0" encoding="utf-8"?><testsuites name="pytest tests"><testsuite name="pytest" errors="0" failures="0" skipped="0" tests="6" time="4.014" timestamp="2026-07-07T22:22:18.152213+00:00" hostname="agent-env-176f542b-70c5-43eb-b90d-bc10a50bfb49"><testcase classname="backend.tests.test_iter53_guest_backfill.TestGuestBackfill" name="test_signup_links_prior_guest_booking" time="0.695" /><testcase classname="backend.tests.test_iter53_guest_backfill.TestTripsUnion" name="test_email_only_booking_shown_in_trips" time="0.519" /><testcase classname="backend.tests.test_iter53_guest_backfill.TestBookingDetailEmailMatch" name="test_guest_booking_accessible_and_autolinks" time="0.427" /><testcase classname="backend.tests.test_iter53_guest_backfill.TestLoginBackfillIdempotent" name="test_double_login_is_idempotent" time="1.066" /><testcase classname="backend.tests.test_iter53_guest_backfill.TestNoRegression" name="test_customer_does_not_see_others_bookings" time="0.805" /><testcase classname="backend.tests.test_iter53_guest_backfill.TestCaseInsensitiveEmail" name="test_case_insensitive_email_match" time="0.333" /></testsuite></testsuites>