<?xml version="1.0" encoding="utf-8"?><testsuites name="pytest tests"><testsuite name="pytest" errors="0" failures="0" skipped="0" tests="15" time="2.975" timestamp="2026-05-12T08:04:36.208290+00:00" hostname="agent-env-176f542b-70c5-43eb-b90d-bc10a50bfb49"><testcase classname="backend.tests.test_iteration16_stripe_first.TestCreateBookingNoEmail" name="test_create_returns_pending_with_manage_token" time="0.176" /><testcase classname="backend.tests.test_iteration16_stripe_first.TestCreateBookingNoEmail" name="test_validation_invalid_vehicle" time="0.043" /><testcase classname="backend.tests.test_iteration16_stripe_first.TestCreateBookingNoEmail" name="test_validation_invalid_service" time="0.044" /><testcase classname="backend.tests.test_iteration16_stripe_first.TestCreateBookingNoEmail" name="test_validation_hourly_requires_min_2_hours" time="0.048" /><testcase classname="backend.tests.test_iteration16_stripe_first.TestCreateBookingNoEmail" name="test_validation_airport_requires_flight_number" time="0.044" /><testcase classname="backend.tests.test_iteration16_stripe_first.TestRenderPendingEmail" name="test_rendered_html_contains_required_phrases" time="0.000" /><testcase classname="backend.tests.test_iteration16_stripe_first.TestPaymentStatusSideEffect" name="test_simulate_paid_transition_updates_booking" time="1.119" /><testcase classname="backend.tests.test_iteration16_stripe_first.TestAdminConfirmEmailBranches" name="test_confirm_unit_paid_branch" time="0.000" /><testcase classname="backend.tests.test_iteration16_stripe_first.TestAdminConfirmEmailBranches" name="test_admin_confirm_paid_booking_succeeds" time="0.827" /><testcase classname="backend.tests.test_iteration16_stripe_first.TestAdminConfirmEmailBranches" name="test_admin_confirm_unpaid_booking_succeeds" time="0.220" /><testcase classname="backend.tests.test_iteration16_stripe_first.TestExistingEndpointsSmoke" name="test_quote" time="0.046" /><testcase classname="backend.tests.test_iteration16_stripe_first.TestExistingEndpointsSmoke" name="test_manage_endpoint_404_on_bogus_token" time="0.046" /><testcase classname="backend.tests.test_iteration16_stripe_first.TestExistingEndpointsSmoke" name="test_admin_zones_list" time="0.048" /><testcase classname="backend.tests.test_iteration16_stripe_first.TestExistingEndpointsSmoke" name="test_admin_surge_events_list" time="0.048" /><testcase classname="backend.tests.test_iteration16_stripe_first.TestExistingEndpointsSmoke" name="test_admin_settings_meet_greet" time="0.052" /></testsuite></testsuites>