<?xml version="1.0" encoding="utf-8"?><testsuites name="pytest tests"><testsuite name="pytest" errors="0" failures="0" skipped="0" tests="8" time="1.402" timestamp="2026-06-26T08:47:43.829199+00:00" hostname="agent-env-176f542b-70c5-43eb-b90d-bc10a50bfb49"><testcase classname="backend.tests.test_iter45_offline_conversions_csv.TestAuth" name="test_preview_requires_auth" time="0.248" /><testcase classname="backend.tests.test_iter45_offline_conversions_csv.TestAuth" name="test_csv_requires_auth" time="0.102" /><testcase classname="backend.tests.test_iter45_offline_conversions_csv.TestPreview" name="test_preview_basic_shape" time="0.102" /><testcase classname="backend.tests.test_iter45_offline_conversions_csv.TestPreview" name="test_preview_with_seed_counts_row" time="0.141" /><testcase classname="backend.tests.test_iter45_offline_conversions_csv.TestCsv" name="test_csv_headers_and_format_with_seed" time="0.111" /><testcase classname="backend.tests.test_iter45_offline_conversions_csv.TestCsv" name="test_csv_conversion_name_override" time="0.097" /><testcase classname="backend.tests.test_iter45_offline_conversions_csv.TestCsv" name="test_csv_excludes_unpaid_and_no_gclid" time="0.262" /><testcase classname="backend.tests.test_iter45_offline_conversions_csv.TestCsv" name="test_csv_days_validation_clamps" time="0.193" /></testsuite></testsuites>