<?xml version="1.0" encoding="utf-8"?><testsuites name="pytest tests"><testsuite name="pytest" errors="0" failures="0" skipped="0" tests="11" time="8.467" timestamp="2026-07-08T06:30:53.613145+00:00" hostname="agent-env-176f542b-70c5-43eb-b90d-bc10a50bfb49"><testcase classname="backend.tests.test_iter55_double_discount_fix.TestP0RoundTripWelcome" name="test_quote_reflects_round_trip_discount" time="0.292" /><testcase classname="backend.tests.test_iter55_double_discount_fix.TestP0RoundTripWelcome" name="test_end_to_end_consistency" time="1.258" /><testcase classname="backend.tests.test_iter55_double_discount_fix.TestOneWayWithPromoRegression" name="test_one_way_promo_consistency" time="1.093" /><testcase classname="backend.tests.test_iter55_double_discount_fix.TestOneWayNoPromo" name="test_no_promo_all_equal_vehicle_price" time="1.175" /><testcase classname="backend.tests.test_iter55_double_discount_fix.TestLegacyBookingProportionalDiscount" name="test_legacy_math" time="0.734" /><testcase classname="backend.tests.test_iter55_double_discount_fix.TestBillingAuditEndpoint" name="test_401_unauthenticated" time="0.050" /><testcase classname="backend.tests.test_iter55_double_discount_fix.TestBillingAuditEndpoint" name="test_200_authenticated" time="1.214" /><testcase classname="backend.tests.test_iter55_double_discount_fix.TestSpamHeuristicTuning" name="test_keyboard_mash_quote_still_succeeds" time="0.305" /><testcase classname="backend.tests.test_iter55_double_discount_fix.TestCustomInvoices" name="test_pay_after_creates_setup_session" time="0.957" /><testcase classname="backend.tests.test_iter55_double_discount_fix.TestCustomInvoices" name="test_pay_now_regression" time="0.694" /><testcase classname="backend.tests.test_iter55_double_discount_fix.TestCustomInvoices" name="test_pay_now_omitted_mode_defaults" time="0.576" /></testsuite></testsuites>