<?xml version="1.0" encoding="utf-8"?><testsuites name="pytest tests"><testsuite name="pytest" errors="0" failures="0" skipped="0" tests="12" time="5.488" timestamp="2026-05-10T22:42:35.362596+00:00" hostname="agent-env-176f542b-70c5-43eb-b90d-bc10a50bfb49"><testcase classname="backend.tests.test_iteration12_surge_hourly.TestHourlyMinimum" name="test_hourly_with_1_hour_returns_no_prices_and_message" time="0.202" /><testcase classname="backend.tests.test_iteration12_surge_hourly.TestHourlyMinimum" name="test_hourly_with_2_hours_returns_prices" time="0.139" /><testcase classname="backend.tests.test_iteration12_surge_hourly.TestSurgeEventsCRUD" name="test_unauth_returns_401" time="0.585" /><testcase classname="backend.tests.test_iteration12_surge_hourly.TestSurgeEventsCRUD" name="test_create_get_patch_delete_flow" time="1.476" /><testcase classname="backend.tests.test_iteration12_surge_hourly.TestSurgeAppliedToQuote" name="test_multiplier_applied_inside_window" time="0.595" /><testcase classname="backend.tests.test_iteration12_surge_hourly.TestSurgeAppliedToQuote" name="test_flat_surcharge_applied" time="0.479" /><testcase classname="backend.tests.test_iteration12_surge_hourly.TestSurgeAppliedToQuote" name="test_outside_window_no_surge" time="0.408" /><testcase classname="backend.tests.test_iteration12_surge_hourly.TestSurgeAppliedToQuote" name="test_disabled_event_not_applied" time="0.323" /><testcase classname="backend.tests.test_iteration12_surge_hourly.TestSurgeAppliedToQuote" name="test_hourly_surge_applied" time="0.425" /><testcase classname="backend.tests.test_iteration12_surge_hourly.TestSurgeAppliedToQuote" name="test_zone_and_surge_stack" time="0.471" /><testcase classname="backend.tests.test_iteration12_surge_hourly.TestRegression" name="test_zones_endpoint_still_works" time="0.125" /><testcase classname="backend.tests.test_iteration12_surge_hourly.TestRegression" name="test_options_endpoint" time="0.104" /></testsuite></testsuites>