<?xml version="1.0" encoding="utf-8"?><testsuites name="pytest tests"><testsuite name="pytest" errors="0" failures="0" skipped="0" tests="13" time="2.119" timestamp="2026-06-15T01:02:35.642013+00:00" hostname="agent-env-176f542b-70c5-43eb-b90d-bc10a50bfb49"><testcase classname="backend.tests.test_iteration37_saved_cards_charge.TestQuoteOfferConsentGate" name="test_checkout_rejected_without_consent" time="0.992" /><testcase classname="backend.tests.test_iteration37_saved_cards_charge.TestQuoteOfferConsentGate" name="test_checkout_rejected_with_consent_false" time="0.944" /><testcase classname="backend.tests.test_iteration37_saved_cards_charge.TestChargeCardOnFile" name="test_unauthenticated_rejected" time="0.002" /><testcase classname="backend.tests.test_iteration37_saved_cards_charge.TestChargeCardOnFile" name="test_unknown_booking_returns_404" time="0.002" /><testcase classname="backend.tests.test_iteration37_saved_cards_charge.TestChargeCardOnFile" name="test_rejects_when_no_consent" time="0.060" /><testcase classname="backend.tests.test_iteration37_saved_cards_charge.TestChargeCardOnFile" name="test_rejects_when_no_saved_card" time="0.005" /><testcase classname="backend.tests.test_iteration37_saved_cards_charge.TestChargeCardOnFile" name="test_rejects_amount_below_minimum" time="0.005" /><testcase classname="backend.tests.test_iteration37_saved_cards_charge.TestChargeCardOnFile" name="test_rejects_amount_above_maximum" time="0.004" /><testcase classname="backend.tests.test_iteration37_saved_cards_charge.TestRegressionChargeEndpoints" name="test_charge_wait_time_requires_consent" time="0.004" /><testcase classname="backend.tests.test_iteration37_saved_cards_charge.TestRegressionChargeEndpoints" name="test_charge_damages_requires_consent" time="0.004" /><testcase classname="backend.tests.test_iteration37_saved_cards_charge.TestRegressionMainCheckoutSource" name="test_payments_checkout_uses_setup_future_usage" time="0.000" /><testcase classname="backend.tests.test_iteration37_saved_cards_charge.TestRegressionMainCheckoutSource" name="test_quote_offer_checkout_uses_setup_future_usage" time="0.000" /><testcase classname="backend.tests.test_iteration37_saved_cards_charge.TestRegressionMainCheckoutSource" name="test_quote_offer_finalize_expands_payment_method" time="0.003" /></testsuite></testsuites>