<?xml version="1.0" encoding="utf-8"?><testsuites name="pytest tests"><testsuite name="pytest" errors="0" failures="0" skipped="0" tests="27" time="6.425" timestamp="2026-05-16T18:52:50.558795+00:00" hostname="agent-env-176f542b-70c5-43eb-b90d-bc10a50bfb49"><testcase classname="backend.tests.test_iteration26_announcements_drivers_sitemap.TestAnnouncementsAuth" name="test_admin_list_requires_auth" time="0.253" /><testcase classname="backend.tests.test_iteration26_announcements_drivers_sitemap.TestAnnouncementsAuth" name="test_admin_create_requires_auth" time="0.158" /><testcase classname="backend.tests.test_iteration26_announcements_drivers_sitemap.TestAnnouncementsAuth" name="test_admin_patch_requires_auth" time="0.158" /><testcase classname="backend.tests.test_iteration26_announcements_drivers_sitemap.TestAnnouncementsAuth" name="test_admin_delete_requires_auth" time="0.105" /><testcase classname="backend.tests.test_iteration26_announcements_drivers_sitemap.TestAnnouncementsCrud" name="test_create_minimal" time="1.571" /><testcase classname="backend.tests.test_iteration26_announcements_drivers_sitemap.TestAnnouncementsCrud" name="test_create_generates_unique_slug" time="0.328" /><testcase classname="backend.tests.test_iteration26_announcements_drivers_sitemap.TestAnnouncementsCrud" name="test_admin_list_includes_created" time="0.118" /><testcase classname="backend.tests.test_iteration26_announcements_drivers_sitemap.TestAnnouncementsCrud" name="test_public_feed_shape_and_visibility" time="0.117" /><testcase classname="backend.tests.test_iteration26_announcements_drivers_sitemap.TestAnnouncementsCrud" name="test_public_slug_lookup_ok" time="0.259" /><testcase classname="backend.tests.test_iteration26_announcements_drivers_sitemap.TestAnnouncementsCrud" name="test_public_slug_lookup_404" time="0.108" /><testcase classname="backend.tests.test_iteration26_announcements_drivers_sitemap.TestAnnouncementsCrud" name="test_patch_updates" time="0.119" /><testcase classname="backend.tests.test_iteration26_announcements_drivers_sitemap.TestAnnouncementsCrud" name="test_inactive_hidden_from_public" time="0.361" /><testcase classname="backend.tests.test_iteration26_announcements_drivers_sitemap.TestAnnouncementsCrud" name="test_delete_works" time="0.241" /><testcase classname="backend.tests.test_iteration26_announcements_drivers_sitemap.TestSitemap" name="test_sitemap_xml" time="0.117" /><testcase classname="backend.tests.test_iteration26_announcements_drivers_sitemap.TestDriversAuth" name="test_list_requires_auth" time="0.113" /><testcase classname="backend.tests.test_iteration26_announcements_drivers_sitemap.TestDriversAuth" name="test_create_requires_auth" time="0.103" /><testcase classname="backend.tests.test_iteration26_announcements_drivers_sitemap.TestDriversAuth" name="test_patch_requires_auth" time="0.104" /><testcase classname="backend.tests.test_iteration26_announcements_drivers_sitemap.TestDriversAuth" name="test_delete_requires_auth" time="0.120" /><testcase classname="backend.tests.test_iteration26_announcements_drivers_sitemap.TestDriversCrud" name="test_create_full" time="0.109" /><testcase classname="backend.tests.test_iteration26_announcements_drivers_sitemap.TestDriversCrud" name="test_create_validates_required_fields" time="0.252" /><testcase classname="backend.tests.test_iteration26_announcements_drivers_sitemap.TestDriversCrud" name="test_list_includes_created" time="0.101" /><testcase classname="backend.tests.test_iteration26_announcements_drivers_sitemap.TestDriversCrud" name="test_patch_updates" time="0.111" /><testcase classname="backend.tests.test_iteration26_announcements_drivers_sitemap.TestDriversCrud" name="test_patch_404" time="0.128" /><testcase classname="backend.tests.test_iteration26_announcements_drivers_sitemap.TestDriversCrud" name="test_delete_works" time="0.244" /><testcase classname="backend.tests.test_iteration26_announcements_drivers_sitemap.TestRegression" name="test_options_still_works" time="0.101" /><testcase classname="backend.tests.test_iteration26_announcements_drivers_sitemap.TestRegression" name="test_admin_login_still_works" time="0.713" /><testcase classname="backend.tests.test_iteration26_announcements_drivers_sitemap.TestRegression" name="test_quote_still_works" time="0.103" /></testsuite></testsuites>