<?xml version="1.0" encoding="utf-8"?><testsuites name="pytest tests"><testsuite name="pytest" errors="0" failures="0" skipped="0" tests="9" time="7.449" timestamp="2026-07-05T21:48:50.121396+00:00" hostname="agent-env-176f542b-70c5-43eb-b90d-bc10a50bfb49"><testcase classname="tests.test_iter51_bug_fixes.TestQuoteChildSeatPricing" name="test_quote_sedan_two_seats_costs_about_40_more" time="0.339" /><testcase classname="tests.test_iter51_bug_fixes.TestQuoteChildSeatPricing" name="test_quote_sedan_one_seat_costs_about_20_more" time="0.241" /><testcase classname="tests.test_iter51_bug_fixes.TestQuoteChildSeatPricing" name="test_hourly_quote_child_seat_bump" time="0.280" /><testcase classname="tests.test_iter51_bug_fixes.TestBookingChildSeatCount" name="test_booking_accepts_and_persists_child_seat_count" time="0.597" /><testcase classname="tests.test_iter51_bug_fixes.TestBookingChildSeatCount" name="test_booking_count_zero_boolean_false" time="0.424" /><testcase classname="tests.test_iter51_bug_fixes.TestBookingChildSeatCount" name="test_booking_quote_includes_child_seat_fee" time="2.620" /><testcase classname="tests.test_iter51_bug_fixes.TestLegacyChildSeatFallback" name="test_legacy_boolean_prices_one_seat" time="0.262" /><testcase classname="tests.test_iter51_bug_fixes.TestPayAfterRideDiscount" name="test_manual_welcome_promo_exposed_on_public_after_setup" time="1.248" /><testcase classname="tests.test_iter51_bug_fixes.TestPayAfterRideDiscount" name="test_public_fields_present_when_no_promo" time="1.277" /></testsuite></testsuites>