<?xml version="1.0" encoding="utf-8"?><testsuites name="pytest tests"><testsuite name="pytest" errors="0" failures="0" skipped="0" tests="13" time="3.215" timestamp="2026-05-10T03:28:53.701911+00:00" hostname="agent-env-176f542b-70c5-43eb-b90d-bc10a50bfb49"><testcase classname="backend.tests.test_iteration9" name="test_quote_hourly_mode" time="0.169" /><testcase classname="backend.tests.test_iteration9" name="test_quote_distance_default" time="0.139" /><testcase classname="backend.tests.test_iteration9" name="test_quote_hours_without_hourly_falls_back_to_distance" time="0.113" /><testcase classname="backend.tests.test_iteration9" name="test_booking_hourly_hours2_ok" time="0.108" /><testcase classname="backend.tests.test_iteration9" name="test_booking_hours1_rejected_422" time="0.101" /><testcase classname="backend.tests.test_iteration9" name="test_booking_hourly_no_hours_400" time="0.108" /><testcase classname="backend.tests.test_iteration9" name="test_admin_pricing_lists_hourly_rate" time="0.683" /><testcase classname="backend.tests.test_iteration9" name="test_patch_hourly_rate_persists_and_quote_reflects" time="0.538" /><testcase classname="backend.tests.test_iteration9" name="test_payments_checkout_hourly_amount" time="0.711" /><testcase classname="backend.tests.test_iteration9" name="test_reviews_summary_empty_when_unconfigured" time="0.106" /><testcase classname="backend.tests.test_iteration9" name="test_options_endpoint" time="0.106" /><testcase classname="backend.tests.test_iteration9" name="test_contact_endpoint" time="0.102" /><testcase classname="backend.tests.test_iteration9" name="test_admin_account_endpoint" time="0.102" /></testsuite></testsuites>