<?xml version="1.0" encoding="utf-8"?><testsuites name="pytest tests"><testsuite name="pytest" errors="0" failures="0" skipped="0" tests="32" time="38.050" timestamp="2026-05-10T03:52:07.216424+00:00" hostname="agent-env-176f542b-70c5-43eb-b90d-bc10a50bfb49"><testcase classname="tests.test_iteration10" name="test_format_time_12h_email[00:00-12:00 AM]" time="0.000" /><testcase classname="tests.test_iteration10" name="test_format_time_12h_email[00:30-12:30 AM]" time="0.000" /><testcase classname="tests.test_iteration10" name="test_format_time_12h_email[01:00-1:00 AM]" time="0.000" /><testcase classname="tests.test_iteration10" name="test_format_time_12h_email[11:45-11:45 AM]" time="0.000" /><testcase classname="tests.test_iteration10" name="test_format_time_12h_email[12:00-12:00 PM]" time="0.000" /><testcase classname="tests.test_iteration10" name="test_format_time_12h_email[12:30-12:30 PM]" time="0.000" /><testcase classname="tests.test_iteration10" name="test_format_time_12h_email[13:30-1:30 PM]" time="0.000" /><testcase classname="tests.test_iteration10" name="test_format_time_12h_email[23:45-11:45 PM]" time="0.000" /><testcase classname="tests.test_iteration10" name="test_format_time_12h_email[08:05-8:05 AM]" time="0.000" /><testcase classname="tests.test_iteration10" name="test_fmt_12h_sms[00:00-12:00 AM]" time="0.000" /><testcase classname="tests.test_iteration10" name="test_fmt_12h_sms[12:00-12:00 PM]" time="0.000" /><testcase classname="tests.test_iteration10" name="test_fmt_12h_sms[13:30-1:30 PM]" time="0.000" /><testcase classname="tests.test_iteration10" name="test_fmt_12h_sms[23:45-11:45 PM]" time="0.000" /><testcase classname="tests.test_iteration10" name="test_format_time_12h_invalid_returns_input" time="0.000" /><testcase classname="tests.test_iteration10" name="test_render_confirmation_email_uses_12h" time="0.000" /><testcase classname="tests.test_iteration10" name="test_render_confirmation_email_midnight" time="0.000" /><testcase classname="tests.test_iteration10" name="test_render_new_paid_booking_sms_uses_12h" time="0.000" /><testcase classname="tests.test_iteration10" name="test_render_cancellation_sms_uses_12h" time="0.000" /><testcase classname="tests.test_iteration10" name="test_post_bookings_accepts_24h_pickup_time" time="0.696" /><testcase classname="tests.test_iteration10" name="test_post_bookings_accepts_various_24h_times[00:00]" time="0.115" /><testcase classname="tests.test_iteration10" name="test_post_bookings_accepts_various_24h_times[12:00]" time="0.108" /><testcase classname="tests.test_iteration10" name="test_post_bookings_accepts_various_24h_times[23:45]" time="0.109" /><testcase classname="tests.test_iteration10" name="test_post_bookings_accepts_various_24h_times[08:05]" time="0.111" /><testcase classname="tests.test_iteration10" name="test_post_bookings_rejects_missing_pickup_time" time="0.100" /><testcase classname="tests.test_iteration10" name="test_manage_get_and_cancel" time="0.322" /><testcase classname="tests.test_iteration10" name="test_quote_distance" time="0.124" /><testcase classname="tests.test_iteration10" name="test_quote_hourly" time="0.103" /><testcase classname="tests.test_iteration10" name="test_options_endpoint" time="0.109" /><testcase classname="tests.test_iteration10" name="test_contact_endpoint" time="0.104" /><testcase classname="tests.test_iteration10" name="test_places_autocomplete_returns_200" time="20.239" /><testcase classname="tests.test_iteration10" name="test_admin_pricing_get_and_patch_hourly" time="15.468" /><testcase classname="tests.test_iteration10" name="test_reviews_summary_empty_when_unset" time="0.135" /></testsuite></testsuites>