<?xml version="1.0" encoding="utf-8"?><testsuites name="pytest tests"><testsuite name="pytest" errors="0" failures="0" skipped="0" tests="18" time="3.377" timestamp="2026-05-08T10:07:45.069547+00:00" hostname="agent-env-176f542b-70c5-43eb-b90d-bc10a50bfb49"><testcase classname="backend.tests.test_turonlimo_api.TestPublic" name="test_root" time="0.233" /><testcase classname="backend.tests.test_turonlimo_api.TestPublic" name="test_options" time="0.047" /><testcase classname="backend.tests.test_turonlimo_api.TestPublic" name="test_create_booking_valid" time="0.054" /><testcase classname="backend.tests.test_turonlimo_api.TestPublic" name="test_create_booking_invalid_vehicle" time="0.045" /><testcase classname="backend.tests.test_turonlimo_api.TestPublic" name="test_create_booking_invalid_service" time="0.047" /><testcase classname="backend.tests.test_turonlimo_api.TestPublic" name="test_create_contact" time="0.047" /><testcase classname="backend.tests.test_turonlimo_api.TestAdminAuth" name="test_login_wrong_password" time="0.275" /><testcase classname="backend.tests.test_turonlimo_api.TestAdminAuth" name="test_login_wrong_email" time="0.044" /><testcase classname="backend.tests.test_turonlimo_api.TestAdminAuth" name="test_admin_me_no_token" time="0.129" /><testcase classname="backend.tests.test_turonlimo_api.TestAdminAuth" name="test_admin_me_with_token" time="0.389" /><testcase classname="backend.tests.test_turonlimo_api.TestAdminAuth" name="test_admin_me_invalid_token" time="0.109" /><testcase classname="backend.tests.test_turonlimo_api.TestAdminBookings" name="test_list_bookings_auth_required" time="0.105" /><testcase classname="backend.tests.test_turonlimo_api.TestAdminBookings" name="test_list_bookings" time="0.113" /><testcase classname="backend.tests.test_turonlimo_api.TestAdminBookings" name="test_full_booking_lifecycle" time="0.722" /><testcase classname="backend.tests.test_turonlimo_api.TestAdminContacts" name="test_contact_lifecycle" time="0.522" /><testcase classname="backend.tests.test_turonlimo_api.TestAdminContacts" name="test_list_contacts_auth_required" time="0.105" /><testcase classname="backend.tests.test_turonlimo_api.TestStats" name="test_stats" time="0.100" /><testcase classname="backend.tests.test_turonlimo_api.TestStats" name="test_stats_auth_required" time="0.111" /></testsuite></testsuites>