<?xml version="1.0" encoding="utf-8"?><testsuites name="pytest tests"><testsuite name="pytest" errors="0" failures="0" skipped="0" tests="22" time="4.911" timestamp="2026-05-08T22:02:24.963265+00:00" hostname="agent-env-176f542b-70c5-43eb-b90d-bc10a50bfb49"><testcase classname="backend.tests.test_turonlimo_api.TestPublic" name="test_root" time="0.191" /><testcase classname="backend.tests.test_turonlimo_api.TestPublic" name="test_options" time="0.060" /><testcase classname="backend.tests.test_turonlimo_api.TestPublic" name="test_create_booking_valid" time="0.054" /><testcase classname="backend.tests.test_turonlimo_api.TestPublic" name="test_create_booking_invalid_vehicle" time="0.054" /><testcase classname="backend.tests.test_turonlimo_api.TestPublic" name="test_create_booking_invalid_service" time="0.054" /><testcase classname="backend.tests.test_turonlimo_api.TestPublic" name="test_create_contact" time="0.078" /><testcase classname="backend.tests.test_turonlimo_api.TestAdminAuth" name="test_login_wrong_password" time="0.274" /><testcase classname="backend.tests.test_turonlimo_api.TestAdminAuth" name="test_login_wrong_email" time="0.055" /><testcase classname="backend.tests.test_turonlimo_api.TestAdminAuth" name="test_admin_me_no_token" time="0.252" /><testcase classname="backend.tests.test_turonlimo_api.TestAdminAuth" name="test_admin_me_with_token" time="0.382" /><testcase classname="backend.tests.test_turonlimo_api.TestAdminAuth" name="test_admin_me_invalid_token" time="0.146" /><testcase classname="backend.tests.test_turonlimo_api.TestAdminBookings" name="test_list_bookings_auth_required" time="0.209" /><testcase classname="backend.tests.test_turonlimo_api.TestAdminBookings" name="test_list_bookings" time="0.208" /><testcase classname="backend.tests.test_turonlimo_api.TestAdminBookings" name="test_full_booking_lifecycle" time="0.956" /><testcase classname="backend.tests.test_turonlimo_api.TestAdminContacts" name="test_contact_lifecycle" time="0.641" /><testcase classname="backend.tests.test_turonlimo_api.TestAdminContacts" name="test_list_contacts_auth_required" time="0.177" /><testcase classname="backend.tests.test_turonlimo_api.TestBookingNewFields" name="test_booking_with_all_new_fields" time="0.286" /><testcase classname="backend.tests.test_turonlimo_api.TestBookingNewFields" name="test_booking_backwards_compat_defaults" time="0.143" /><testcase classname="backend.tests.test_turonlimo_api.TestBookingNewFields" name="test_booking_partial_new_fields" time="0.169" /><testcase classname="backend.tests.test_turonlimo_api.TestBookingNewFields" name="test_booking_luggage_validation" time="0.048" /><testcase classname="backend.tests.test_turonlimo_api.TestStats" name="test_stats" time="0.106" /><testcase classname="backend.tests.test_turonlimo_api.TestStats" name="test_stats_auth_required" time="0.118" /></testsuite></testsuites>