<?xml version="1.0" encoding="utf-8"?><testsuites name="pytest tests"><testsuite name="pytest" errors="0" failures="0" skipped="0" tests="39" time="5.500" timestamp="2026-06-10T21:25:01.829297+00:00" hostname="agent-env-176f542b-70c5-43eb-b90d-bc10a50bfb49"><testcase classname="backend.tests.test_refactor_regression.TestPublicRoutes" name="test_root" time="0.147" /><testcase classname="backend.tests.test_refactor_regression.TestPublicRoutes" name="test_options" time="0.057" /><testcase classname="backend.tests.test_refactor_regression.TestPublicRoutes" name="test_vehicle_types" time="0.062" /><testcase classname="backend.tests.test_refactor_regression.TestPublicRoutes" name="test_promos_banner" time="0.064" /><testcase classname="backend.tests.test_refactor_regression.TestPublicRoutes" name="test_announcements_public" time="0.060" /><testcase classname="backend.tests.test_refactor_regression.TestPublicRoutes" name="test_reviews" time="0.091" /><testcase classname="backend.tests.test_refactor_regression.TestPublicRoutes" name="test_reviews_summary" time="0.054" /><testcase classname="backend.tests.test_refactor_regression.TestPublicRoutes" name="test_sitemap" time="0.060" /><testcase classname="backend.tests.test_refactor_regression.TestPublicRoutes" name="test_settings_public" time="0.071" /><testcase classname="backend.tests.test_refactor_regression.TestPublicRoutes" name="test_places_autocomplete" time="0.183" /><testcase classname="backend.tests.test_refactor_regression.TestPublicRoutes" name="test_quote_smoke" time="0.066" /><testcase classname="backend.tests.test_refactor_regression.TestPublicRoutes" name="test_contact_valid" time="0.063" /><testcase classname="backend.tests.test_refactor_regression.TestPublicRoutes" name="test_contact_rejects_short" time="0.059" /><testcase classname="backend.tests.test_refactor_regression.TestPublicRoutes" name="test_promo_validate_invalid" time="0.056" /><testcase classname="backend.tests.test_refactor_regression.TestPublicRoutes" name="test_referral_check_invalid" time="0.063" /><testcase classname="backend.tests.test_refactor_regression.TestPublicRoutes" name="test_quote_requests_create" time="0.077" /><testcase classname="backend.tests.test_refactor_regression.TestPublicRoutes" name="test_errors_report" time="0.323" /><testcase classname="backend.tests.test_refactor_regression.TestAdminRoutes" name="test_login_returns_2fa_challenge" time="0.727" /><testcase classname="backend.tests.test_refactor_regression.TestAdminRoutes" name="test_login_wrong_password" time="0.321" /><testcase classname="backend.tests.test_refactor_regression.TestAdminRoutes" name="test_admin_endpoints_require_auth[/admin/bookings]" time="0.063" /><testcase classname="backend.tests.test_refactor_regression.TestAdminRoutes" name="test_admin_endpoints_require_auth[/admin/drivers]" time="0.058" /><testcase classname="backend.tests.test_refactor_regression.TestAdminRoutes" name="test_admin_endpoints_require_auth[/admin/promos]" time="0.055" /><testcase classname="backend.tests.test_refactor_regression.TestAdminRoutes" name="test_admin_endpoints_require_auth[/admin/stats]" time="0.059" /><testcase classname="backend.tests.test_refactor_regression.TestAdminRoutes" name="test_admin_endpoints_require_auth[/admin/quote-requests]" time="0.065" /><testcase classname="backend.tests.test_refactor_regression.TestCustomerRoutes" name="test_signup" time="0.296" /><testcase classname="backend.tests.test_refactor_regression.TestCustomerRoutes" name="test_login" time="0.287" /><testcase classname="backend.tests.test_refactor_regression.TestCustomerRoutes" name="test_me" time="0.294" /><testcase classname="backend.tests.test_refactor_regression.TestCustomerRoutes" name="test_me_promos" time="0.082" /><testcase classname="backend.tests.test_refactor_regression.TestCustomerRoutes" name="test_me_notifications" time="0.065" /><testcase classname="backend.tests.test_refactor_regression.TestCustomerRoutes" name="test_trips" time="0.060" /><testcase classname="backend.tests.test_refactor_regression.TestCustomerRoutes" name="test_help" time="0.059" /><testcase classname="backend.tests.test_refactor_regression.TestDriverRoutes" name="test_driver_auth_login_bogus" time="0.063" /><testcase classname="backend.tests.test_refactor_regression.TestDriverRoutes" name="test_driver_auth_me_unauth" time="0.058" /><testcase classname="backend.tests.test_refactor_regression.TestDriverRoutes" name="test_driver_invalid_token" time="0.059" /><testcase classname="backend.tests.test_refactor_regression.TestPaymentsRoutes" name="test_create_booking" time="0.410" /><testcase classname="backend.tests.test_refactor_regression.TestPaymentsRoutes" name="test_booking_public" time="0.083" /><testcase classname="backend.tests.test_refactor_regression.TestPaymentsRoutes" name="test_checkout_creates_stripe_session" time="0.478" /><testcase classname="backend.tests.test_refactor_regression.TestPaymentsRoutes" name="test_payment_status_invalid_session" time="0.062" /><testcase classname="backend.tests.test_refactor_regression.TestPaymentsRoutes" name="test_webhook_invalid_signature_rejected" time="0.130" /></testsuite></testsuites>